00:15:02 ---------- Fetching and inserting NBA/WNBA/G-League game logs: 07/08/2025

00:15:02 ---------- Fetching current players first...
00:15:02 ---------- Fetching current players, inserting into player_temp to trigger stored procedure sp_update_players...
00:15:06 ----------  0 NBA team rows fetched for 07/08/2025 - None
00:15:06 ---------- No NBA T data found: 07/08/2025 - None...
00:15:15 ----------  4 WNBA team rows fetched for 07/08/2025 - None
00:15:17 ----------  0 GNBA team rows fetched for 07/08/2025 - None
00:15:17 ---------- No GNBA T data found: 07/08/2025 - None...
00:15:17 ----------  0 NBA player rows fetched for 07/08/2025 - None
00:15:17 ---------- No NBA P data found: 07/08/2025 - None...
00:15:18 ----------  37 WNBA player rows fetched for 07/08/2025 - None
00:15:38 ----------  0 GNBA player rows fetched for 07/08/2025 - None
00:15:38 ---------- No GNBA P data found: 07/08/2025 - None...
00:15:38 ---------- Team logs fetched and cleaned, starting DB insert...
00:15:38 ---------- Attempting to insert 4 rows into table team...
00:15:38 ---------- Rows before insert: 178
00:15:38 ---------- Rows after insert: 178
00:15:38 ---------- Attempting to insert 1 rows into table season...
00:15:38 ---------- Rows before insert: 157
00:15:38 ---------- Rows after insert: 157
00:15:38 ---------- Attempting to insert 2 rows into table game...
00:15:38 ---------- Rows before insert: 67999
00:15:38 ---------- Rows after insert: 68001
00:15:38 ---------- Attempting to insert 4 rows into table t_game...
00:15:38 ---------- Rows before insert: 48116
00:15:38 ---------- Rows after insert: 48118
00:15:38 ---------- Attempting to insert 4 rows into table t_box...
00:15:38 ---------- Rows before insert: 117495
00:15:38 ---------- Rows after insert: 117499
00:15:38 ---------- Attempting to insert 4 rows into table t_shtg...
00:15:38 ---------- Rows before insert: 117280
00:15:38 ---------- Rows after insert: 117284
00:15:38 ---------- Attempting to insert 37 rows into table p_game...
00:15:38 ---------- Rows before insert: 28783
00:15:38 ---------- Rows after insert: 28820
00:15:38 ---------- Attempting to insert 37 rows into table p_box...
00:15:39 ---------- Rows before insert: 854900
00:15:39 ---------- Rows after insert: 854937
00:15:39 ---------- Attempting to insert 37 rows into table p_shtg...
00:15:39 ---------- Rows before insert: 855892
00:15:39 ---------- Rows after insert: 855929

00:15:39 ---------- Script complete!
