00:15:02 ---------- Fetching and inserting NBA/WNBA/G-League game logs: 07/16/2025

00:15:02 ---------- Fetching current players first...
00:15:02 ---------- Fetching current players, inserting into player_temp to trigger stored procedure sp_update_players...
00:15:05 ----------  0 NBA team rows fetched for 07/16/2025 - None
00:15:05 ---------- No NBA T data found: 07/16/2025 - None...
00:15:08 ----------  10 WNBA team rows fetched for 07/16/2025 - None
00:15:11 ----------  0 GNBA team rows fetched for 07/16/2025 - None
00:15:11 ---------- No GNBA T data found: 07/16/2025 - None...
00:15:14 ----------  0 NBA player rows fetched for 07/16/2025 - None
00:15:14 ---------- No NBA P data found: 07/16/2025 - None...
00:15:17 ----------  93 WNBA player rows fetched for 07/16/2025 - None
00:15:24 ----------  0 GNBA player rows fetched for 07/16/2025 - None
00:15:24 ---------- No GNBA P data found: 07/16/2025 - None...
00:15:24 ---------- Team logs fetched and cleaned, starting DB insert...
00:15:24 ---------- Attempting to insert 10 rows into table team...
00:15:24 ---------- Rows before insert: 178
00:15:24 ---------- Rows after insert: 178
00:15:24 ---------- Attempting to insert 1 rows into table season...
00:15:24 ---------- Rows before insert: 160
00:15:24 ---------- Rows after insert: 160
00:15:24 ---------- Attempting to insert 5 rows into table game...
00:15:24 ---------- Rows before insert: 68019
00:15:24 ---------- Rows after insert: 68024
00:15:24 ---------- Attempting to insert 10 rows into table t_game...
00:15:24 ---------- Rows before insert: 48136
00:15:24 ---------- Rows after insert: 48141
00:15:24 ---------- Attempting to insert 10 rows into table t_box...
00:15:24 ---------- Rows before insert: 117535
00:15:24 ---------- Rows after insert: 117545
00:15:24 ---------- Attempting to insert 10 rows into table t_shtg...
00:15:24 ---------- Rows before insert: 117320
00:15:24 ---------- Rows after insert: 117330
00:15:24 ---------- Attempting to insert 93 rows into table p_game...
00:15:24 ---------- Rows before insert: 29159
00:15:24 ---------- Rows after insert: 29252
00:15:24 ---------- Attempting to insert 93 rows into table p_box...
00:15:25 ---------- Rows before insert: 855276
00:15:25 ---------- Rows after insert: 855369
00:15:25 ---------- Attempting to insert 93 rows into table p_shtg...
00:15:25 ---------- Rows before insert: 856268
00:15:25 ---------- Rows after insert: 856361

00:15:25 ---------- Script complete!
