22:30:30 ---------- Fetching and inserting NBA/WNBA/G-League game logs: 06/24/2025

22:30:30 ---------- Fetching current players first...
22:30:30 ---------- Fetching current players, inserting into player_temp to trigger stored procedure sp_update_players...
22:30:30 ----------  0 NBA team rows fetched for 06/24/2025 - None
22:30:30 ---------- No NBA T data found: 06/24/2025 - None...
22:30:30 ----------  8 WNBA team rows fetched for 06/24/2025 - None
22:30:31 ----------  0 GNBA team rows fetched for 06/24/2025 - None
22:30:31 ---------- No GNBA T data found: 06/24/2025 - None...
22:30:31 ----------  0 NBA player rows fetched for 06/24/2025 - None
22:30:31 ---------- No NBA P data found: 06/24/2025 - None...
22:30:32 ----------  73 WNBA player rows fetched for 06/24/2025 - None
22:30:33 ----------  0 GNBA player rows fetched for 06/24/2025 - None
22:30:33 ---------- No GNBA P data found: 06/24/2025 - None...
22:30:33 ---------- Team logs fetched and cleaned, starting DB insert...
22:30:33 ---------- Attempting to insert 8 rows into table team...
22:30:33 ---------- Rows before insert: 178
22:30:33 ---------- Rows after insert: 178
22:30:33 ---------- Attempting to insert 1 rows into table season...
22:30:33 ---------- Rows before insert: 156
22:30:33 ---------- Rows after insert: 156
22:30:33 ---------- Attempting to insert 4 rows into table game...
22:30:33 ---------- Rows before insert: 67973
22:30:33 ---------- Rows after insert: 67973
22:30:33 ---------- Attempting to insert 8 rows into table t_game...
22:30:33 ---------- Rows before insert: 48090
22:30:33 ---------- Rows after insert: 48090
22:30:33 ---------- Attempting to insert 8 rows into table t_box...
22:30:33 ---------- Rows before insert: 117443
22:30:33 ---------- Rows after insert: 117443
22:30:33 ---------- Attempting to insert 8 rows into table t_shtg...
22:30:33 ---------- Rows before insert: 117228
22:30:33 ---------- Rows after insert: 117228
22:30:33 ---------- Attempting to insert 73 rows into table p_game...
22:30:33 ---------- Rows before insert: 28294
22:30:33 ---------- Rows after insert: 28294
22:30:33 ---------- Attempting to insert 73 rows into table p_box...
22:30:33 ---------- Rows before insert: 854411
22:30:33 ---------- Rows after insert: 854411
22:30:33 ---------- Attempting to insert 73 rows into table p_shtg...
22:30:33 ---------- Rows before insert: 855403
22:30:33 ---------- Rows after insert: 855403

22:30:33 ---------- Script complete!
