00:15:01 ---------- Fetching and inserting NBA/WNBA/G-League game logs: 07/06/2025

00:15:01 ---------- Fetching current players first...
00:15:01 ---------- Fetching current players, inserting into player_temp to trigger stored procedure sp_update_players...
00:15:13 ----------  0 NBA team rows fetched for 07/06/2025 - None
00:15:13 ---------- No NBA T data found: 07/06/2025 - None...
00:15:13 ----------  6 WNBA team rows fetched for 07/06/2025 - None
00:15:14 ----------  0 GNBA team rows fetched for 07/06/2025 - None
00:15:14 ---------- No GNBA T data found: 07/06/2025 - None...
00:15:15 ----------  0 NBA player rows fetched for 07/06/2025 - None
00:15:15 ---------- No NBA P data found: 07/06/2025 - None...
00:15:19 ----------  58 WNBA player rows fetched for 07/06/2025 - None
00:15:20 ----------  0 GNBA player rows fetched for 07/06/2025 - None
00:15:20 ---------- No GNBA P data found: 07/06/2025 - None...
00:15:20 ---------- Team logs fetched and cleaned, starting DB insert...
00:15:20 ---------- Attempting to insert 6 rows into table team...
00:15:20 ---------- Rows before insert: 178
00:15:20 ---------- Rows after insert: 178
00:15:20 ---------- Attempting to insert 1 rows into table season...
00:15:20 ---------- Rows before insert: 157
00:15:20 ---------- Rows after insert: 157
00:15:20 ---------- Attempting to insert 3 rows into table game...
00:15:20 ---------- Rows before insert: 67994
00:15:20 ---------- Rows after insert: 67997
00:15:20 ---------- Attempting to insert 6 rows into table t_game...
00:15:20 ---------- Rows before insert: 48111
00:15:20 ---------- Rows after insert: 48114
00:15:20 ---------- Attempting to insert 6 rows into table t_box...
00:15:21 ---------- Rows before insert: 117485
00:15:21 ---------- Rows after insert: 117491
00:15:21 ---------- Attempting to insert 6 rows into table t_shtg...
00:15:21 ---------- Rows before insert: 117270
00:15:21 ---------- Rows after insert: 117276
00:15:21 ---------- Attempting to insert 58 rows into table p_game...
00:15:21 ---------- Rows before insert: 28688
00:15:21 ---------- Rows after insert: 28746
00:15:21 ---------- Attempting to insert 58 rows into table p_box...
00:15:22 ---------- Rows before insert: 854805
00:15:22 ---------- Rows after insert: 854863
00:15:22 ---------- Attempting to insert 58 rows into table p_shtg...
00:15:22 ---------- Rows before insert: 855797
00:15:22 ---------- Rows after insert: 855855

00:15:22 ---------- Script complete!
