17:08:07 ---------- Beginning batch fetch for data from 05/25/2025 - 07/18/2025....
17:08:07 ---------- Fetching current players first...
17:08:07 ---------- Fetching current players, inserting into player_temp to trigger stored procedure sp_update_players...
17:08:08 ---------- Rows before insert: 0
17:08:08 ---------- Rows after insert: 150
17:08:08 ---------- Completed player insert/update, delaying then deleting temporary player records...
17:08:09 ---------- Rows before deleting: 150
17:08:09 ---------- Rows after deleting: 0

17:08:09 ---------- Dates split into 3 chunks with 20 dates each...

17:08:09 ---------- Chunk 1 of 3: 05/25/2025 - 06/13/2025...
17:08:09 ---------- Fetching T data for 05/25/2025 - 06/13/2025...
17:08:09 ----------  20 NBA team rows fetched for 05/25/2025 - 06/13/2025
17:08:10 ---------- Fetching T data for 05/25/2025 - 06/13/2025...
17:08:10 ----------  84 WNBA team rows fetched for 05/25/2025 - 06/13/2025
17:08:11 ---------- Fetching T data for 05/25/2025 - 06/13/2025...
17:08:11 ----------  0 GNBA team rows fetched for 05/25/2025 - 06/13/2025
17:08:11 ---------- No GNBA T data found: 05/25/2025 - 06/13/2025...
17:08:11 ---------- Fetching P data for 05/25/2025 - 06/13/2025...
17:08:11 ----------  222 NBA player rows fetched for 05/25/2025 - 06/13/2025
17:08:12 ---------- Fetching P data for 05/25/2025 - 06/13/2025...
17:08:12 ----------  815 WNBA player rows fetched for 05/25/2025 - 06/13/2025
17:08:13 ---------- Fetching P data for 05/25/2025 - 06/13/2025...
17:08:13 ----------  0 GNBA player rows fetched for 05/25/2025 - 06/13/2025
17:08:13 ---------- No GNBA P data found: 05/25/2025 - 06/13/2025...

17:08:13 ---------- 3494 total rows fetched from 05/25/2025 - 06/13/2025...
17:08:13 ---------- Attempting to insert 17 rows into table team...
17:08:13 ---------- Rows before insert: 178
17:08:13 ---------- Rows after insert: 178
17:08:13 ---------- Attempting to insert 2 rows into table season...
17:08:13 ---------- Rows before insert: 160
17:08:13 ---------- Rows after insert: 160
17:08:13 ---------- Attempting to insert 52 rows into table game...
17:08:13 ---------- Rows before insert: 68024
17:08:13 ---------- Rows after insert: 68024
17:08:13 ---------- Attempting to insert 104 rows into table t_game...
17:08:13 ---------- Rows before insert: 48141
17:08:13 ---------- Rows after insert: 48141
17:08:13 ---------- Attempting to insert 104 rows into table t_box...
17:08:13 ---------- Rows before insert: 117545
17:08:13 ---------- Rows after insert: 117545
17:08:13 ---------- Attempting to insert 104 rows into table t_shtg...
17:08:13 ---------- Rows before insert: 117330
17:08:13 ---------- Rows after insert: 117330
17:08:13 ---------- Attempting to insert 1037 rows into table p_game...
17:08:13 ---------- Rows before insert: 29255
17:08:13 ---------- Rows after insert: 29255
17:08:13 ---------- Attempting to insert 1037 rows into table p_box...
17:08:13 ---------- Rows before insert: 855372
17:08:13 ---------- Rows after insert: 855372
17:08:13 ---------- Attempting to insert 1037 rows into table p_shtg...
17:08:14 ---------- Rows before insert: 856364
17:08:14 ---------- Rows after insert: 856364

17:08:14 ---------- Finished with dates 05/25/2025 - 06/13/2025 - intentional 30 second delay...


17:08:44 ---------- Chunk 2 of 3: 06/14/2025 - 07/03/2025...
17:08:44 ---------- Fetching T data for 06/14/2025 - 07/03/2025...
17:08:44 ----------  6 NBA team rows fetched for 06/14/2025 - 07/03/2025
17:08:45 ---------- Fetching T data for 06/14/2025 - 07/03/2025...
17:08:45 ----------  100 WNBA team rows fetched for 06/14/2025 - 07/03/2025
17:08:46 ---------- Fetching T data for 06/14/2025 - 07/03/2025...
17:08:46 ----------  0 GNBA team rows fetched for 06/14/2025 - 07/03/2025
17:08:46 ---------- No GNBA T data found: 06/14/2025 - 07/03/2025...
17:08:46 ---------- Fetching P data for 06/14/2025 - 07/03/2025...
17:08:46 ----------  72 NBA player rows fetched for 06/14/2025 - 07/03/2025
17:08:47 ---------- Fetching P data for 06/14/2025 - 07/03/2025...
17:08:47 ----------  953 WNBA player rows fetched for 06/14/2025 - 07/03/2025
17:08:48 ---------- Fetching P data for 06/14/2025 - 07/03/2025...
17:08:48 ----------  0 GNBA player rows fetched for 06/14/2025 - 07/03/2025
17:08:48 ---------- No GNBA P data found: 06/14/2025 - 07/03/2025...

17:08:48 ---------- 3464 total rows fetched from 06/14/2025 - 07/03/2025...
17:08:48 ---------- Attempting to insert 15 rows into table team...
17:08:48 ---------- Rows before insert: 178
17:08:48 ---------- Rows after insert: 178
17:08:48 ---------- Attempting to insert 3 rows into table season...
17:08:48 ---------- Rows before insert: 160
17:08:48 ---------- Rows after insert: 160
17:08:48 ---------- Attempting to insert 53 rows into table game...
17:08:48 ---------- Rows before insert: 68024
17:08:48 ---------- Rows after insert: 68024
17:08:48 ---------- Attempting to insert 106 rows into table t_game...
17:08:48 ---------- Rows before insert: 48141
17:08:48 ---------- Rows after insert: 48141
17:08:48 ---------- Attempting to insert 106 rows into table t_box...
17:08:48 ---------- Rows before insert: 117545
17:08:48 ---------- Rows after insert: 117545
17:08:48 ---------- Attempting to insert 106 rows into table t_shtg...
17:08:48 ---------- Rows before insert: 117330
17:08:48 ---------- Rows after insert: 117330
17:08:48 ---------- Attempting to insert 1025 rows into table p_game...
17:08:48 ---------- Rows before insert: 29255
17:08:48 ---------- Rows after insert: 29255
17:08:48 ---------- Attempting to insert 1025 rows into table p_box...
17:08:48 ---------- Rows before insert: 855372
17:08:48 ---------- Rows after insert: 855372
17:08:48 ---------- Attempting to insert 1025 rows into table p_shtg...
17:08:49 ---------- Rows before insert: 856364
17:08:49 ---------- Rows after insert: 856364

17:08:49 ---------- Finished with dates 06/14/2025 - 07/03/2025 - intentional 30 second delay...


17:09:19 ---------- Chunk 3 of 3: 07/04/2025 - 07/18/2025...
17:09:19 ---------- Fetching T data for 07/04/2025 - 07/18/2025...
17:09:19 ----------  0 NBA team rows fetched for 07/04/2025 - 07/18/2025
17:09:19 ---------- No NBA T data found: 07/04/2025 - 07/18/2025...
17:09:19 ---------- Fetching T data for 07/04/2025 - 07/18/2025...
17:09:19 ----------  64 WNBA team rows fetched for 07/04/2025 - 07/18/2025
17:09:20 ---------- Fetching T data for 07/04/2025 - 07/18/2025...
17:09:20 ----------  0 GNBA team rows fetched for 07/04/2025 - 07/18/2025
17:09:20 ---------- No GNBA T data found: 07/04/2025 - 07/18/2025...
17:09:20 ---------- Fetching P data for 07/04/2025 - 07/18/2025...
17:09:20 ----------  0 NBA player rows fetched for 07/04/2025 - 07/18/2025
17:09:20 ---------- No NBA P data found: 07/04/2025 - 07/18/2025...
17:09:20 ---------- Fetching P data for 07/04/2025 - 07/18/2025...
17:09:20 ----------  599 WNBA player rows fetched for 07/04/2025 - 07/18/2025
17:09:21 ---------- Fetching P data for 07/04/2025 - 07/18/2025...
17:09:21 ----------  0 GNBA player rows fetched for 07/04/2025 - 07/18/2025
17:09:21 ---------- No GNBA P data found: 07/04/2025 - 07/18/2025...

17:09:21 ---------- 2035 total rows fetched from 07/04/2025 - 07/18/2025...
17:09:21 ---------- Attempting to insert 13 rows into table team...
17:09:21 ---------- Rows before insert: 178
17:09:21 ---------- Rows after insert: 178
17:09:21 ---------- Attempting to insert 1 rows into table season...
17:09:21 ---------- Rows before insert: 160
17:09:21 ---------- Rows after insert: 160
17:09:21 ---------- Attempting to insert 32 rows into table game...
17:09:21 ---------- Rows before insert: 68024
17:09:21 ---------- Rows after insert: 68024
17:09:21 ---------- Attempting to insert 64 rows into table t_game...
17:09:21 ---------- Rows before insert: 48141
17:09:21 ---------- Rows after insert: 48141
17:09:21 ---------- Attempting to insert 64 rows into table t_box...
17:09:21 ---------- Rows before insert: 117545
17:09:21 ---------- Rows after insert: 117545
17:09:21 ---------- Attempting to insert 64 rows into table t_shtg...
17:09:21 ---------- Rows before insert: 117330
17:09:21 ---------- Rows after insert: 117330
17:09:21 ---------- Attempting to insert 599 rows into table p_game...
17:09:21 ---------- Rows before insert: 29255
17:09:21 ---------- Rows after insert: 29255
17:09:21 ---------- Attempting to insert 599 rows into table p_box...
17:09:21 ---------- Rows before insert: 855372
17:09:21 ---------- Rows after insert: 855372
17:09:21 ---------- Attempting to insert 599 rows into table p_shtg...
17:09:22 ---------- Rows before insert: 856364
17:09:22 ---------- Rows after insert: 856364

17:09:22 ---------- Finished with dates 07/04/2025 - 07/18/2025 - intentional 30 second delay...


17:09:52 ---------- Finished fetching data from 05/25/2025 - 07/18/2025 - script complete!
