00:15:02 ---------- Fetching and inserting NBA/WNBA/G-League game logs: 07/12/2025

00:15:02 ---------- Fetching current players first...
00:15:02 ---------- Fetching current players, inserting into player_temp to trigger stored procedure sp_update_players...
00:15:05 ----------  0 NBA team rows fetched for 07/12/2025 - None
00:15:05 ---------- No NBA T data found: 07/12/2025 - None...
00:15:05 ----------  4 WNBA team rows fetched for 07/12/2025 - None
00:15:06 ----------  0 GNBA team rows fetched for 07/12/2025 - None
00:15:06 ---------- No GNBA T data found: 07/12/2025 - None...
00:15:07 ----------  0 NBA player rows fetched for 07/12/2025 - None
00:15:07 ---------- No NBA P data found: 07/12/2025 - None...
00:15:07 ----------  37 WNBA player rows fetched for 07/12/2025 - None
00:15:08 ----------  0 GNBA player rows fetched for 07/12/2025 - None
00:15:08 ---------- No GNBA P data found: 07/12/2025 - None...
00:15:08 ---------- Team logs fetched and cleaned, starting DB insert...
00:15:08 ---------- Attempting to insert 4 rows into table team...
00:15:08 ---------- Rows before insert: 178
00:15:08 ---------- Rows after insert: 178
00:15:08 ---------- Attempting to insert 1 rows into table season...
00:15:08 ---------- Rows before insert: 160
00:15:08 ---------- Rows after insert: 160
00:15:08 ---------- Attempting to insert 2 rows into table game...
00:15:08 ---------- Rows before insert: 68009
00:15:08 ---------- Rows after insert: 68011
00:15:08 ---------- Attempting to insert 4 rows into table t_game...
00:15:08 ---------- Rows before insert: 48126
00:15:08 ---------- Rows after insert: 48128
00:15:08 ---------- Attempting to insert 4 rows into table t_box...
00:15:08 ---------- Rows before insert: 117515
00:15:08 ---------- Rows after insert: 117519
00:15:08 ---------- Attempting to insert 4 rows into table t_shtg...
00:15:09 ---------- Rows before insert: 117300
00:15:09 ---------- Rows after insert: 117304
00:15:09 ---------- Attempting to insert 37 rows into table p_game...
00:15:09 ---------- Rows before insert: 28972
00:15:09 ---------- Rows after insert: 29009
00:15:09 ---------- Attempting to insert 37 rows into table p_box...
00:15:10 ---------- Rows before insert: 855089
00:15:10 ---------- Rows after insert: 855126
00:15:10 ---------- Attempting to insert 37 rows into table p_shtg...
00:15:10 ---------- Rows before insert: 856081
00:15:10 ---------- Rows after insert: 856118

00:15:10 ---------- Script complete!
