21:57:43 ---------- Fetching and inserting NBA/WNBA/G-League game logs: 06/24/2025

21:57:43 ---------- Fetching current players first...
21:57:43 ---------- Fetching current players, inserting into player_temp to trigger stored procedure sp_update_players...
21:57:43 ----------  0 NBA team rows fetched for 06/24/2025 - None
21:57:43 ---------- No NBA T data found: 06/24/2025 - None...
21:57:43 ----------  8 WNBA team rows fetched for 06/24/2025 - None
21:57:44 ----------  0 GNBA team rows fetched for 06/24/2025 - None
21:57:44 ---------- No GNBA T data found: 06/24/2025 - None...
21:57:44 ----------  0 NBA player rows fetched for 06/24/2025 - None
21:57:44 ---------- No NBA P data found: 06/24/2025 - None...
21:57:44 ----------  73 WNBA player rows fetched for 06/24/2025 - None
21:57:45 ----------  0 GNBA player rows fetched for 06/24/2025 - None
21:57:45 ---------- No GNBA P data found: 06/24/2025 - None...
21:57:45 ---------- Team logs fetched and cleaned, starting DB insert...
21:57:45 ---------- Attempting to insert 8 rows into table team...
21:57:45 ---------- Rows before insert: 178
21:57:45 ---------- Rows after insert: 178
21:57:45 ---------- Attempting to insert 1 rows into table season...
21:57:45 ---------- Rows before insert: 156
21:57:45 ---------- Rows after insert: 156
21:57:45 ---------- Attempting to insert 4 rows into table game...
21:57:45 ---------- Rows before insert: 67971
21:57:45 ---------- Rows after insert: 67971
21:57:45 ---------- Attempting to insert 8 rows into table t_game...
21:57:45 ---------- Rows before insert: 48088
21:57:45 ---------- Rows after insert: 48088
21:57:45 ---------- Attempting to insert 8 rows into table t_box...
21:57:45 ---------- Rows before insert: 117439
21:57:45 ---------- Rows after insert: 117439
21:57:45 ---------- Attempting to insert 8 rows into table t_shtg...
21:57:45 ---------- Rows before insert: 117224
21:57:45 ---------- Rows after insert: 117224
21:57:45 ---------- Attempting to insert 73 rows into table p_game...
21:57:45 ---------- Rows before insert: 28257
21:57:45 ---------- Rows after insert: 28257
21:57:45 ---------- Attempting to insert 73 rows into table p_box...
21:57:46 ---------- Rows before insert: 854374
21:57:46 ---------- Rows after insert: 854374
21:57:46 ---------- Attempting to insert 73 rows into table p_shtg...
21:57:46 ---------- Rows before insert: 855366
21:57:46 ---------- Rows after insert: 855366

21:57:46 ---------- Script complete!
