03:14:51 ---------- Fetching and inserting NBA/WNBA/G-League game logs: 06/25/2025

03:14:51 ---------- Fetching current players first...
03:14:51 ---------- Fetching current players, inserting into player_temp to trigger stored procedure sp_update_players...
03:14:54 ----------  0 NBA team rows fetched for 06/25/2025 - None
03:14:54 ---------- No NBA T data found: 06/25/2025 - None...
03:14:54 ----------  4 WNBA team rows fetched for 06/25/2025 - None
03:14:55 ----------  0 GNBA team rows fetched for 06/25/2025 - None
03:14:55 ---------- No GNBA T data found: 06/25/2025 - None...
03:14:56 ----------  0 NBA player rows fetched for 06/25/2025 - None
03:14:56 ---------- No NBA P data found: 06/25/2025 - None...
03:14:56 ----------  37 WNBA player rows fetched for 06/25/2025 - None
03:14:57 ----------  0 GNBA player rows fetched for 06/25/2025 - None
03:14:57 ---------- No GNBA P data found: 06/25/2025 - None...
03:14:57 ---------- Team logs fetched and cleaned, starting DB insert...
03:14:57 ---------- Attempting to insert 4 rows into table team...
03:14:57 ---------- Rows before insert: 178
03:14:57 ---------- Rows after insert: 178
03:14:57 ---------- Attempting to insert 1 rows into table season...
03:14:57 ---------- Rows before insert: 156
03:14:57 ---------- Rows after insert: 156
03:14:57 ---------- Attempting to insert 2 rows into table game...
03:14:57 ---------- Rows before insert: 67971
03:14:57 ---------- Rows after insert: 67973
03:14:57 ---------- Attempting to insert 4 rows into table t_game...
03:14:57 ---------- Rows before insert: 48088
03:14:57 ---------- Rows after insert: 48090
03:14:57 ---------- Attempting to insert 4 rows into table t_box...
03:14:57 ---------- Rows before insert: 117439
03:14:57 ---------- Rows after insert: 117443
03:14:57 ---------- Attempting to insert 4 rows into table t_shtg...
03:14:57 ---------- Rows before insert: 117224
03:14:57 ---------- Rows after insert: 117228
03:14:57 ---------- Attempting to insert 37 rows into table p_game...
03:14:57 ---------- Rows before insert: 28257
03:14:57 ---------- Rows after insert: 28294
03:14:57 ---------- Attempting to insert 37 rows into table p_box...
03:14:58 ---------- Rows before insert: 854374
03:14:58 ---------- Rows after insert: 854411
03:14:58 ---------- Attempting to insert 37 rows into table p_shtg...
03:14:59 ---------- Rows before insert: 855366
03:14:59 ---------- Rows after insert: 855403

03:14:59 ---------- Script complete!
