03:18:54 ---------- Fetching and inserting NBA/WNBA/G-League game logs: 06/25/2025

03:18:54 ---------- Fetching current players first...
03:18:54 ---------- Fetching current players, inserting into player_temp to trigger stored procedure sp_update_players...
03:18:54 ----------  0 NBA team rows fetched for 06/25/2025 - None
03:18:54 ---------- No NBA T data found: 06/25/2025 - None...
03:18:54 ----------  4 WNBA team rows fetched for 06/25/2025 - None
03:18:55 ----------  0 GNBA team rows fetched for 06/25/2025 - None
03:18:55 ---------- No GNBA T data found: 06/25/2025 - None...
03:18:55 ----------  0 NBA player rows fetched for 06/25/2025 - None
03:18:55 ---------- No NBA P data found: 06/25/2025 - None...
03:18:55 ----------  37 WNBA player rows fetched for 06/25/2025 - None
03:18:56 ----------  0 GNBA player rows fetched for 06/25/2025 - None
03:18:56 ---------- No GNBA P data found: 06/25/2025 - None...
03:18:56 ---------- Team logs fetched and cleaned, starting DB insert...
03:18:56 ---------- Attempting to insert 4 rows into table team...
03:18:56 ---------- Rows before insert: 178
03:18:56 ---------- Rows after insert: 178
03:18:56 ---------- Attempting to insert 1 rows into table season...
03:18:56 ---------- Rows before insert: 156
03:18:56 ---------- Rows after insert: 156
03:18:56 ---------- Attempting to insert 2 rows into table game...
03:18:57 ---------- Rows before insert: 67973
03:18:57 ---------- Rows after insert: 67973
03:18:57 ---------- Attempting to insert 4 rows into table t_game...
03:18:57 ---------- Rows before insert: 48090
03:18:57 ---------- Rows after insert: 48090
03:18:57 ---------- Attempting to insert 4 rows into table t_box...
03:18:57 ---------- Rows before insert: 117443
03:18:57 ---------- Rows after insert: 117443
03:18:57 ---------- Attempting to insert 4 rows into table t_shtg...
03:18:57 ---------- Rows before insert: 117228
03:18:57 ---------- Rows after insert: 117228
03:18:57 ---------- Attempting to insert 37 rows into table p_game...
03:18:57 ---------- Rows before insert: 28294
03:18:57 ---------- Rows after insert: 28294
03:18:57 ---------- Attempting to insert 37 rows into table p_box...
03:18:57 ---------- Rows before insert: 854411
03:18:57 ---------- Rows after insert: 854411
03:18:57 ---------- Attempting to insert 37 rows into table p_shtg...
03:18:57 ---------- Rows before insert: 855403
03:18:57 ---------- Rows after insert: 855403

03:18:57 ---------- Script complete!
