19:05:52 ---------- Fetching and inserting NBA/WNBA/G-League game logs: 07/15/2025

19:05:52 ---------- Fetching current players first...
19:05:52 ---------- Fetching current players, inserting into player_temp to trigger stored procedure sp_update_players...
19:05:52 ----------  0 NBA team rows fetched for 07/15/2025 - None
19:05:52 ---------- No NBA T data found: 07/15/2025 - None...
19:05:52 ----------  4 WNBA team rows fetched for 07/15/2025 - None
19:05:53 ----------  0 GNBA team rows fetched for 07/15/2025 - None
19:05:53 ---------- No GNBA T data found: 07/15/2025 - None...
19:05:53 ----------  0 NBA player rows fetched for 07/15/2025 - None
19:05:53 ---------- No NBA P data found: 07/15/2025 - None...
19:05:53 ----------  40 WNBA player rows fetched for 07/15/2025 - None
19:05:54 ----------  0 GNBA player rows fetched for 07/15/2025 - None
19:05:54 ---------- No GNBA P data found: 07/15/2025 - None...
19:05:54 ---------- Team logs fetched and cleaned, starting DB insert...
19:05:54 ---------- Attempting to insert 4 rows into table team...
19:05:54 ---------- Rows before insert: 178
19:05:54 ---------- Rows after insert: 178
19:05:54 ---------- Attempting to insert 1 rows into table season...
19:05:54 ---------- Rows before insert: 160
19:05:54 ---------- Rows after insert: 160
19:05:54 ---------- Attempting to insert 2 rows into table game...
19:05:54 ---------- Rows before insert: 68019
19:05:54 ---------- Rows after insert: 68019
19:05:54 ---------- Attempting to insert 4 rows into table t_game...
19:05:54 ---------- Rows before insert: 48136
19:05:54 ---------- Rows after insert: 48136
19:05:54 ---------- Attempting to insert 4 rows into table t_box...
19:05:54 ---------- Rows before insert: 117535
19:05:54 ---------- Rows after insert: 117535
19:05:54 ---------- Attempting to insert 4 rows into table t_shtg...
19:05:54 ---------- Rows before insert: 117320
19:05:54 ---------- Rows after insert: 117320
19:05:54 ---------- Attempting to insert 40 rows into table p_game...
19:05:54 ---------- Rows before insert: 29159
19:05:54 ---------- Rows after insert: 29159
19:05:54 ---------- Attempting to insert 40 rows into table p_box...
19:05:55 ---------- Rows before insert: 855276
19:05:55 ---------- Rows after insert: 855276
19:05:55 ---------- Attempting to insert 40 rows into table p_shtg...
19:05:55 ---------- Rows before insert: 856268
19:05:55 ---------- Rows after insert: 856268

19:05:55 ---------- Script complete!
