17:17:38 ---------- Beginning batch fetch for data from 06/01/2016 - 06/01/2017....
17:17:38 ---------- Fetching current players first...
17:17:38 ---------- Fetching current players, inserting into player_temp to trigger stored procedure sp_update_players...
17:17:44 ---------- Rows before insert: 0
17:17:44 ---------- Rows after insert: 615
17:17:44 ---------- Completed player insert/update, delaying then deleting temporary player records...
17:17:45 ---------- Rows before deleting: 615
17:17:45 ---------- Rows after deleting: 0

17:17:45 ---------- Dates split into 19 chunks with 20 dates each...

17:17:45 ---------- Chunk 1 of 19: 06/01/2016 - 06/20/2016...
17:17:45 ---------- Fetching T data for 06/01/2016 - 06/20/2016...
17:17:49 ----------  14 NBA team rows fetched for 06/01/2016 - 06/20/2016
17:17:50 ---------- Fetching T data for 06/01/2016 - 06/20/2016...
17:17:53 ----------  80 WNBA team rows fetched for 06/01/2016 - 06/20/2016
17:17:54 ---------- Fetching T data for 06/01/2016 - 06/20/2016...
17:17:57 ----------  0 GNBA team rows fetched for 06/01/2016 - 06/20/2016
17:17:57 ---------- No GNBA T data found: 06/01/2016 - 06/20/2016...
17:17:57 ---------- Fetching P data for 06/01/2016 - 06/20/2016...
17:18:02 ----------  165 NBA player rows fetched for 06/01/2016 - 06/20/2016
17:18:03 ---------- Fetching P data for 06/01/2016 - 06/20/2016...
17:18:07 ----------  820 WNBA player rows fetched for 06/01/2016 - 06/20/2016
17:18:08 ---------- Fetching P data for 06/01/2016 - 06/20/2016...
17:18:10 ----------  0 GNBA player rows fetched for 06/01/2016 - 06/20/2016
17:18:10 ---------- No GNBA P data found: 06/01/2016 - 06/20/2016...

17:18:10 ---------- 3300 total rows fetched from 06/01/2016 - 06/20/2016...
17:18:10 ---------- Attempting to insert 14 rows into table team...
17:18:10 ---------- Rows before insert: 178
17:18:10 ---------- Rows after insert: 178
17:18:10 ---------- Attempting to insert 2 rows into table season...
17:18:10 ---------- Rows before insert: 160
17:18:10 ---------- Rows after insert: 160
17:18:10 ---------- Attempting to insert 47 rows into table game...
17:18:10 ---------- Rows before insert: 68024
17:18:10 ---------- Rows after insert: 68024
17:18:10 ---------- Attempting to insert 94 rows into table t_game...
17:18:10 ---------- Rows before insert: 48141
17:18:10 ---------- Rows after insert: 48141
17:18:10 ---------- Attempting to insert 94 rows into table t_box...
17:18:10 ---------- Rows before insert: 117545
17:18:10 ---------- Rows after insert: 117545
17:18:10 ---------- Attempting to insert 94 rows into table t_shtg...
17:18:10 ---------- Rows before insert: 117330
17:18:10 ---------- Rows after insert: 117330
17:18:10 ---------- Attempting to insert 985 rows into table p_game...
17:18:10 ---------- Rows before insert: 29255
17:18:10 ---------- Rows after insert: 30137
17:18:10 ---------- Attempting to insert 985 rows into table p_box...
17:18:11 ---------- Rows before insert: 855372
17:18:11 ---------- Rows after insert: 855372
17:18:11 ---------- Attempting to insert 985 rows into table p_shtg...
17:18:11 ---------- Rows before insert: 856364
17:18:11 ---------- Rows after insert: 856364

17:18:11 ---------- Finished with dates 06/01/2016 - 06/20/2016 - intentional 2 second delay...


17:18:13 ---------- Chunk 2 of 19: 06/21/2016 - 07/10/2016...
17:18:13 ---------- Fetching T data for 06/21/2016 - 07/10/2016...
17:18:15 ----------  0 NBA team rows fetched for 06/21/2016 - 07/10/2016
17:18:15 ---------- No NBA T data found: 06/21/2016 - 07/10/2016...
17:18:15 ---------- Fetching T data for 06/21/2016 - 07/10/2016...
17:18:19 ----------  94 WNBA team rows fetched for 06/21/2016 - 07/10/2016
17:18:20 ---------- Fetching T data for 06/21/2016 - 07/10/2016...
17:18:23 ----------  0 GNBA team rows fetched for 06/21/2016 - 07/10/2016
17:18:23 ---------- No GNBA T data found: 06/21/2016 - 07/10/2016...
17:18:23 ---------- Fetching P data for 06/21/2016 - 07/10/2016...
17:18:26 ----------  0 NBA player rows fetched for 06/21/2016 - 07/10/2016
17:18:26 ---------- No NBA P data found: 06/21/2016 - 07/10/2016...
17:18:26 ---------- Fetching P data for 06/21/2016 - 07/10/2016...
17:18:29 ----------  930 WNBA player rows fetched for 06/21/2016 - 07/10/2016
17:18:30 ---------- Fetching P data for 06/21/2016 - 07/10/2016...
17:18:33 ----------  0 GNBA player rows fetched for 06/21/2016 - 07/10/2016
17:18:33 ---------- No GNBA P data found: 06/21/2016 - 07/10/2016...

17:18:33 ---------- 3132 total rows fetched from 06/21/2016 - 07/10/2016...
17:18:33 ---------- Attempting to insert 12 rows into table team...
17:18:33 ---------- Rows before insert: 178
17:18:33 ---------- Rows after insert: 178
17:18:33 ---------- Attempting to insert 1 rows into table season...
17:18:33 ---------- Rows before insert: 160
17:18:33 ---------- Rows after insert: 160
17:18:33 ---------- Attempting to insert 47 rows into table game...
17:18:33 ---------- Rows before insert: 68024
17:18:33 ---------- Rows after insert: 68024
17:18:33 ---------- Attempting to insert 94 rows into table t_game...
17:18:33 ---------- Rows before insert: 48141
17:18:33 ---------- Rows after insert: 48141
17:18:33 ---------- Attempting to insert 94 rows into table t_box...
17:18:33 ---------- Rows before insert: 117545
17:18:33 ---------- Rows after insert: 117545
17:18:33 ---------- Attempting to insert 94 rows into table t_shtg...
17:18:33 ---------- Rows before insert: 117330
17:18:33 ---------- Rows after insert: 117330
17:18:33 ---------- Attempting to insert 930 rows into table p_game...
17:18:33 ---------- Rows before insert: 30137
17:18:33 ---------- Rows after insert: 31000
17:18:33 ---------- Attempting to insert 930 rows into table p_box...
17:18:33 ---------- Rows before insert: 855372
17:18:33 ---------- Rows after insert: 855372
17:18:33 ---------- Attempting to insert 930 rows into table p_shtg...
17:18:34 ---------- Rows before insert: 856364
17:18:34 ---------- Rows after insert: 856364

17:18:34 ---------- Finished with dates 06/21/2016 - 07/10/2016 - intentional 2 second delay...


17:18:36 ---------- Chunk 3 of 19: 07/11/2016 - 07/30/2016...
17:18:36 ---------- Fetching T data for 07/11/2016 - 07/30/2016...
17:18:38 ----------  0 NBA team rows fetched for 07/11/2016 - 07/30/2016
17:18:38 ---------- No NBA T data found: 07/11/2016 - 07/30/2016...
17:18:38 ---------- Fetching T data for 07/11/2016 - 07/30/2016...
17:18:42 ----------  52 WNBA team rows fetched for 07/11/2016 - 07/30/2016
17:18:43 ---------- Fetching T data for 07/11/2016 - 07/30/2016...
17:18:45 ----------  0 GNBA team rows fetched for 07/11/2016 - 07/30/2016
17:18:45 ---------- No GNBA T data found: 07/11/2016 - 07/30/2016...
17:18:45 ---------- Fetching P data for 07/11/2016 - 07/30/2016...
17:18:48 ----------  0 NBA player rows fetched for 07/11/2016 - 07/30/2016
17:18:48 ---------- No NBA P data found: 07/11/2016 - 07/30/2016...
17:18:48 ---------- Fetching P data for 07/11/2016 - 07/30/2016...
17:18:51 ----------  519 WNBA player rows fetched for 07/11/2016 - 07/30/2016
17:18:52 ---------- Fetching P data for 07/11/2016 - 07/30/2016...
17:18:55 ----------  0 GNBA player rows fetched for 07/11/2016 - 07/30/2016
17:18:55 ---------- No GNBA P data found: 07/11/2016 - 07/30/2016...

17:18:55 ---------- 1752 total rows fetched from 07/11/2016 - 07/30/2016...
17:18:55 ---------- Attempting to insert 12 rows into table team...
17:18:55 ---------- Rows before insert: 178
17:18:55 ---------- Rows after insert: 178
17:18:55 ---------- Attempting to insert 1 rows into table season...
17:18:55 ---------- Rows before insert: 160
17:18:55 ---------- Rows after insert: 160
17:18:55 ---------- Attempting to insert 26 rows into table game...
17:18:55 ---------- Rows before insert: 68024
17:18:55 ---------- Rows after insert: 68024
17:18:55 ---------- Attempting to insert 52 rows into table t_game...
17:18:55 ---------- Rows before insert: 48141
17:18:55 ---------- Rows after insert: 48141
17:18:55 ---------- Attempting to insert 52 rows into table t_box...
17:18:55 ---------- Rows before insert: 117545
17:18:55 ---------- Rows after insert: 117545
17:18:55 ---------- Attempting to insert 52 rows into table t_shtg...
17:18:55 ---------- Rows before insert: 117330
17:18:55 ---------- Rows after insert: 117330
17:18:55 ---------- Attempting to insert 519 rows into table p_game...
17:18:55 ---------- Rows before insert: 31000
17:18:55 ---------- Rows after insert: 31481
17:18:55 ---------- Attempting to insert 519 rows into table p_box...
17:18:55 ---------- Rows before insert: 855372
17:18:55 ---------- Rows after insert: 855372
17:18:55 ---------- Attempting to insert 519 rows into table p_shtg...
17:18:55 ---------- Rows before insert: 856364
17:18:55 ---------- Rows after insert: 856364

17:18:55 ---------- Finished with dates 07/11/2016 - 07/30/2016 - intentional 2 second delay...


17:18:57 ---------- Chunk 4 of 19: 07/31/2016 - 08/19/2016...
17:18:57 ---------- Fetching T data for 07/31/2016 - 08/19/2016...
17:19:01 ----------  0 NBA team rows fetched for 07/31/2016 - 08/19/2016
17:19:01 ---------- No NBA T data found: 07/31/2016 - 08/19/2016...
17:19:01 ---------- Fetching T data for 07/31/2016 - 08/19/2016...
17:19:04 ----------  0 WNBA team rows fetched for 07/31/2016 - 08/19/2016
17:19:04 ---------- No WNBA T data found: 07/31/2016 - 08/19/2016...
17:19:04 ---------- Fetching T data for 07/31/2016 - 08/19/2016...
17:19:06 ----------  0 GNBA team rows fetched for 07/31/2016 - 08/19/2016
17:19:06 ---------- No GNBA T data found: 07/31/2016 - 08/19/2016...

17:19:06 ---------- Chunk 5 of 19: 08/20/2016 - 09/08/2016...
17:19:06 ---------- Fetching T data for 08/20/2016 - 09/08/2016...
17:19:09 ----------  0 NBA team rows fetched for 08/20/2016 - 09/08/2016
17:19:09 ---------- No NBA T data found: 08/20/2016 - 09/08/2016...
17:19:09 ---------- Fetching T data for 08/20/2016 - 09/08/2016...
17:19:13 ----------  64 WNBA team rows fetched for 08/20/2016 - 09/08/2016
17:19:14 ---------- Fetching T data for 08/20/2016 - 09/08/2016...
17:19:16 ----------  0 GNBA team rows fetched for 08/20/2016 - 09/08/2016
17:19:16 ---------- No GNBA T data found: 08/20/2016 - 09/08/2016...
17:19:16 ---------- Fetching P data for 08/20/2016 - 09/08/2016...
17:19:19 ----------  0 NBA player rows fetched for 08/20/2016 - 09/08/2016
17:19:19 ---------- No NBA P data found: 08/20/2016 - 09/08/2016...
17:19:19 ---------- Fetching P data for 08/20/2016 - 09/08/2016...
17:19:23 ----------  645 WNBA player rows fetched for 08/20/2016 - 09/08/2016
17:19:24 ---------- Fetching P data for 08/20/2016 - 09/08/2016...
17:19:26 ----------  0 GNBA player rows fetched for 08/20/2016 - 09/08/2016
17:19:26 ---------- No GNBA P data found: 08/20/2016 - 09/08/2016...

17:19:26 ---------- 2172 total rows fetched from 08/20/2016 - 09/08/2016...
17:19:26 ---------- Attempting to insert 12 rows into table team...
17:19:26 ---------- Rows before insert: 178
17:19:26 ---------- Rows after insert: 178
17:19:26 ---------- Attempting to insert 1 rows into table season...
17:19:26 ---------- Rows before insert: 160
17:19:26 ---------- Rows after insert: 160
17:19:26 ---------- Attempting to insert 32 rows into table game...
17:19:26 ---------- Rows before insert: 68024
17:19:26 ---------- Rows after insert: 68024
17:19:26 ---------- Attempting to insert 64 rows into table t_game...
17:19:27 ---------- Rows before insert: 48141
17:19:27 ---------- Rows after insert: 48141
17:19:27 ---------- Attempting to insert 64 rows into table t_box...
17:19:27 ---------- Rows before insert: 117545
17:19:27 ---------- Rows after insert: 117545
17:19:27 ---------- Attempting to insert 64 rows into table t_shtg...
17:19:27 ---------- Rows before insert: 117330
17:19:27 ---------- Rows after insert: 117330
17:19:27 ---------- Attempting to insert 645 rows into table p_game...
17:19:27 ---------- Rows before insert: 31481
17:19:27 ---------- Rows after insert: 32093
17:19:27 ---------- Attempting to insert 645 rows into table p_box...
17:19:27 ---------- Rows before insert: 855372
17:19:27 ---------- Rows after insert: 855372
17:19:27 ---------- Attempting to insert 645 rows into table p_shtg...
17:19:27 ---------- Rows before insert: 856364
17:19:27 ---------- Rows after insert: 856364

17:19:27 ---------- Finished with dates 08/20/2016 - 09/08/2016 - intentional 30 second delay...


17:19:57 ---------- Chunk 6 of 19: 09/09/2016 - 09/28/2016...
17:19:57 ---------- Fetching T data for 09/09/2016 - 09/28/2016...
17:20:00 ----------  0 NBA team rows fetched for 09/09/2016 - 09/28/2016
17:20:00 ---------- No NBA T data found: 09/09/2016 - 09/28/2016...
17:20:00 ---------- Fetching T data for 09/09/2016 - 09/28/2016...
17:20:03 ----------  64 WNBA team rows fetched for 09/09/2016 - 09/28/2016
17:20:04 ---------- Fetching T data for 09/09/2016 - 09/28/2016...
17:20:06 ----------  0 GNBA team rows fetched for 09/09/2016 - 09/28/2016
17:20:06 ---------- No GNBA T data found: 09/09/2016 - 09/28/2016...
17:20:06 ---------- Fetching P data for 09/09/2016 - 09/28/2016...
17:20:10 ----------  0 NBA player rows fetched for 09/09/2016 - 09/28/2016
17:20:10 ---------- No NBA P data found: 09/09/2016 - 09/28/2016...
17:20:10 ---------- Fetching P data for 09/09/2016 - 09/28/2016...
17:20:13 ----------  622 WNBA player rows fetched for 09/09/2016 - 09/28/2016
17:20:14 ---------- Fetching P data for 09/09/2016 - 09/28/2016...
17:20:17 ----------  0 GNBA player rows fetched for 09/09/2016 - 09/28/2016
17:20:17 ---------- No GNBA P data found: 09/09/2016 - 09/28/2016...

17:20:17 ---------- 2104 total rows fetched from 09/09/2016 - 09/28/2016...
17:20:17 ---------- Attempting to insert 12 rows into table team...
17:20:17 ---------- Rows before insert: 178
17:20:17 ---------- Rows after insert: 178
17:20:17 ---------- Attempting to insert 2 rows into table season...
17:20:17 ---------- Rows before insert: 160
17:20:17 ---------- Rows after insert: 160
17:20:17 ---------- Attempting to insert 32 rows into table game...
17:20:17 ---------- Rows before insert: 68024
17:20:17 ---------- Rows after insert: 68024
17:20:17 ---------- Attempting to insert 64 rows into table t_game...
17:20:17 ---------- Rows before insert: 48141
17:20:17 ---------- Rows after insert: 48141
17:20:17 ---------- Attempting to insert 64 rows into table t_box...
17:20:17 ---------- Rows before insert: 117545
17:20:17 ---------- Rows after insert: 117545
17:20:17 ---------- Attempting to insert 64 rows into table t_shtg...
17:20:17 ---------- Rows before insert: 117330
17:20:17 ---------- Rows after insert: 117330
17:20:17 ---------- Attempting to insert 622 rows into table p_game...
17:20:17 ---------- Rows before insert: 32093
17:20:17 ---------- Rows after insert: 32682
17:20:17 ---------- Attempting to insert 622 rows into table p_box...
17:20:17 ---------- Rows before insert: 855372
17:20:17 ---------- Rows after insert: 855372
17:20:17 ---------- Attempting to insert 622 rows into table p_shtg...
17:20:17 ---------- Rows before insert: 856364
17:20:17 ---------- Rows after insert: 856364

17:20:17 ---------- Finished with dates 09/09/2016 - 09/28/2016 - intentional 2 second delay...


17:20:19 ---------- Chunk 7 of 19: 09/29/2016 - 10/18/2016...
17:20:19 ---------- Fetching T data for 09/29/2016 - 10/18/2016...
17:20:24 ----------  168 NBA team rows fetched for 09/29/2016 - 10/18/2016
17:20:25 ---------- Fetching T data for 09/29/2016 - 10/18/2016...
17:20:28 ----------  18 WNBA team rows fetched for 09/29/2016 - 10/18/2016
17:20:29 ---------- Fetching T data for 09/29/2016 - 10/18/2016...
17:20:33 ----------  0 GNBA team rows fetched for 09/29/2016 - 10/18/2016
17:20:33 ---------- No GNBA T data found: 09/29/2016 - 10/18/2016...
17:20:33 ---------- Fetching P data for 09/29/2016 - 10/18/2016...
17:20:37 ----------  2233 NBA player rows fetched for 09/29/2016 - 10/18/2016
17:20:38 ---------- Fetching P data for 09/29/2016 - 10/18/2016...
17:20:41 ----------  172 WNBA player rows fetched for 09/29/2016 - 10/18/2016
17:20:42 ---------- Fetching P data for 09/29/2016 - 10/18/2016...
17:20:46 ----------  0 GNBA player rows fetched for 09/29/2016 - 10/18/2016
17:20:46 ---------- No GNBA P data found: 09/29/2016 - 10/18/2016...

17:20:46 ---------- 7907 total rows fetched from 09/29/2016 - 10/18/2016...
17:20:46 ---------- Attempting to insert 39 rows into table team...
17:20:46 ---------- Rows before insert: 178
17:20:46 ---------- Rows after insert: 178
17:20:46 ---------- Attempting to insert 2 rows into table season...
17:20:46 ---------- Rows before insert: 160
17:20:46 ---------- Rows after insert: 160
17:20:46 ---------- Attempting to insert 93 rows into table game...
17:20:46 ---------- Rows before insert: 68024
17:20:46 ---------- Rows after insert: 68024
17:20:46 ---------- Attempting to insert 186 rows into table t_game...
17:20:46 ---------- Rows before insert: 48141
17:20:46 ---------- Rows after insert: 48225
17:20:46 ---------- Attempting to insert 186 rows into table t_box...
17:20:46 ---------- Rows before insert: 117545
17:20:46 ---------- Rows after insert: 117713
17:20:46 ---------- Attempting to insert 186 rows into table t_shtg...
17:20:46 ---------- Rows before insert: 117330
17:20:46 ---------- Rows after insert: 117498
17:20:46 ---------- Attempting to insert 2405 rows into table p_game...
17:20:47 ---------- Rows before insert: 32682
17:20:47 ---------- Rows after insert: 34669
17:20:47 ---------- Attempting to insert 2405 rows into table p_box...
17:20:47 ---------- Rows before insert: 855372
17:20:47 ---------- Rows after insert: 855372
17:20:47 ---------- Attempting to insert 2405 rows into table p_shtg...
17:20:47 ---------- Rows before insert: 856364
17:20:47 ---------- Rows after insert: 856364

17:20:47 ---------- Finished with dates 09/29/2016 - 10/18/2016 - intentional 2 second delay...


17:20:49 ---------- Chunk 8 of 19: 10/19/2016 - 11/07/2016...
17:20:49 ---------- Fetching T data for 10/19/2016 - 11/07/2016...
17:20:54 ----------  234 NBA team rows fetched for 10/19/2016 - 11/07/2016
17:20:55 ---------- Fetching T data for 10/19/2016 - 11/07/2016...
17:20:59 ----------  2 WNBA team rows fetched for 10/19/2016 - 11/07/2016
17:21:00 ---------- Fetching T data for 10/19/2016 - 11/07/2016...
17:21:03 ----------  6 GNBA team rows fetched for 10/19/2016 - 11/07/2016
17:21:04 ---------- Fetching P data for 10/19/2016 - 11/07/2016...
17:21:09 ----------  2637 NBA player rows fetched for 10/19/2016 - 11/07/2016
17:21:10 ---------- Fetching P data for 10/19/2016 - 11/07/2016...
17:21:13 ----------  16 WNBA player rows fetched for 10/19/2016 - 11/07/2016
17:21:14 ---------- Fetching P data for 10/19/2016 - 11/07/2016...
17:21:17 ----------  80 GNBA player rows fetched for 10/19/2016 - 11/07/2016

17:21:18 ---------- 9087 total rows fetched from 10/19/2016 - 11/07/2016...
17:21:18 ---------- Attempting to insert 38 rows into table team...
17:21:18 ---------- Rows before insert: 178
17:21:18 ---------- Rows after insert: 178
17:21:18 ---------- Attempting to insert 3 rows into table season...
17:21:18 ---------- Rows before insert: 160
17:21:18 ---------- Rows after insert: 160
17:21:18 ---------- Attempting to insert 121 rows into table game...
17:21:18 ---------- Rows before insert: 68024
17:21:18 ---------- Rows after insert: 68092
17:21:18 ---------- Attempting to insert 242 rows into table t_game...
17:21:18 ---------- Rows before insert: 48225
17:21:18 ---------- Rows after insert: 48311
17:21:18 ---------- Attempting to insert 242 rows into table t_box...
17:21:18 ---------- Rows before insert: 117713
17:21:18 ---------- Rows after insert: 117885
17:21:18 ---------- Attempting to insert 242 rows into table t_shtg...
17:21:18 ---------- Rows before insert: 117498
17:21:18 ---------- Rows after insert: 117670
17:21:18 ---------- Attempting to insert 2733 rows into table p_game...
17:21:18 ---------- Rows before insert: 34669
17:21:18 ---------- Rows after insert: 37172
17:21:18 ---------- Attempting to insert 2733 rows into table p_box...
17:21:19 ---------- Rows before insert: 855372
17:21:19 ---------- Rows after insert: 856775
17:21:19 ---------- Attempting to insert 2733 rows into table p_shtg...
17:21:19 ---------- Rows before insert: 856364
17:21:19 ---------- Rows after insert: 857767

17:21:19 ---------- Finished with dates 10/19/2016 - 11/07/2016 - intentional 2 second delay...


17:21:21 ---------- Chunk 9 of 19: 11/08/2016 - 11/27/2016...
17:21:21 ---------- Fetching T data for 11/08/2016 - 11/27/2016...
17:21:25 ----------  306 NBA team rows fetched for 11/08/2016 - 11/27/2016
17:21:26 ---------- Fetching T data for 11/08/2016 - 11/27/2016...
17:21:28 ----------  0 WNBA team rows fetched for 11/08/2016 - 11/27/2016
17:21:28 ---------- No WNBA T data found: 11/08/2016 - 11/27/2016...
17:21:28 ---------- Fetching T data for 11/08/2016 - 11/27/2016...
17:21:32 ----------  140 GNBA team rows fetched for 11/08/2016 - 11/27/2016
17:21:33 ---------- Fetching P data for 11/08/2016 - 11/27/2016...
17:21:38 ----------  3301 NBA player rows fetched for 11/08/2016 - 11/27/2016
17:21:39 ---------- Fetching P data for 11/08/2016 - 11/27/2016...
17:21:41 ----------  0 WNBA player rows fetched for 11/08/2016 - 11/27/2016
17:21:41 ---------- No WNBA P data found: 11/08/2016 - 11/27/2016...
17:21:41 ---------- Fetching P data for 11/08/2016 - 11/27/2016...
17:21:45 ----------  1399 GNBA player rows fetched for 11/08/2016 - 11/27/2016

17:21:46 ---------- 15715 total rows fetched from 11/08/2016 - 11/27/2016...
17:21:46 ---------- Attempting to insert 52 rows into table team...
17:21:46 ---------- Rows before insert: 178
17:21:46 ---------- Rows after insert: 178
17:21:46 ---------- Attempting to insert 2 rows into table season...
17:21:46 ---------- Rows before insert: 160
17:21:46 ---------- Rows after insert: 160
17:21:46 ---------- Attempting to insert 223 rows into table game...
17:21:46 ---------- Rows before insert: 68092
17:21:46 ---------- Rows after insert: 68315
17:21:46 ---------- Attempting to insert 446 rows into table t_game...
17:21:46 ---------- Rows before insert: 48311
17:21:46 ---------- Rows after insert: 48534
17:21:46 ---------- Attempting to insert 446 rows into table t_box...
17:21:46 ---------- Rows before insert: 117885
17:21:46 ---------- Rows after insert: 118331
17:21:46 ---------- Attempting to insert 446 rows into table t_shtg...
17:21:46 ---------- Rows before insert: 117670
17:21:46 ---------- Rows after insert: 118116
17:21:46 ---------- Attempting to insert 4700 rows into table p_game...
17:21:46 ---------- Rows before insert: 37172
17:21:46 ---------- Rows after insert: 40634
17:21:46 ---------- Attempting to insert 4700 rows into table p_box...
17:21:47 ---------- Rows before insert: 856775
17:21:47 ---------- Rows after insert: 860237
17:21:47 ---------- Attempting to insert 4700 rows into table p_shtg...
17:21:48 ---------- Rows before insert: 857767
17:21:48 ---------- Rows after insert: 861229

17:21:48 ---------- Finished with dates 11/08/2016 - 11/27/2016 - intentional 2 second delay...


17:21:50 ---------- Chunk 10 of 19: 11/28/2016 - 12/17/2016...
17:21:50 ---------- Fetching T data for 11/28/2016 - 12/17/2016...
17:21:54 ----------  304 NBA team rows fetched for 11/28/2016 - 12/17/2016
17:21:55 ---------- Fetching T data for 11/28/2016 - 12/17/2016...
17:21:57 ----------  0 WNBA team rows fetched for 11/28/2016 - 12/17/2016
17:21:57 ---------- No WNBA T data found: 11/28/2016 - 12/17/2016...
17:21:57 ---------- Fetching T data for 11/28/2016 - 12/17/2016...
17:22:01 ----------  162 GNBA team rows fetched for 11/28/2016 - 12/17/2016
17:22:02 ---------- Fetching P data for 11/28/2016 - 12/17/2016...
17:22:06 ----------  3241 NBA player rows fetched for 11/28/2016 - 12/17/2016
17:22:07 ---------- Fetching P data for 11/28/2016 - 12/17/2016...
17:22:09 ----------  0 WNBA player rows fetched for 11/28/2016 - 12/17/2016
17:22:09 ---------- No WNBA P data found: 11/28/2016 - 12/17/2016...
17:22:09 ---------- Fetching P data for 11/28/2016 - 12/17/2016...
17:22:13 ----------  1592 GNBA player rows fetched for 11/28/2016 - 12/17/2016

17:22:14 ---------- 16183 total rows fetched from 11/28/2016 - 12/17/2016...
17:22:14 ---------- Attempting to insert 52 rows into table team...
17:22:14 ---------- Rows before insert: 178
17:22:14 ---------- Rows after insert: 178
17:22:14 ---------- Attempting to insert 1 rows into table season...
17:22:14 ---------- Rows before insert: 160
17:22:14 ---------- Rows after insert: 160
17:22:14 ---------- Attempting to insert 233 rows into table game...
17:22:14 ---------- Rows before insert: 68315
17:22:14 ---------- Rows after insert: 68548
17:22:14 ---------- Attempting to insert 466 rows into table t_game...
17:22:14 ---------- Rows before insert: 48534
17:22:14 ---------- Rows after insert: 48767
17:22:14 ---------- Attempting to insert 466 rows into table t_box...
17:22:14 ---------- Rows before insert: 118331
17:22:14 ---------- Rows after insert: 118797
17:22:14 ---------- Attempting to insert 466 rows into table t_shtg...
17:22:14 ---------- Rows before insert: 118116
17:22:14 ---------- Rows after insert: 118582
17:22:14 ---------- Attempting to insert 4833 rows into table p_game...
17:22:14 ---------- Rows before insert: 40634
17:22:14 ---------- Rows after insert: 44087
17:22:14 ---------- Attempting to insert 4833 rows into table p_box...
17:22:15 ---------- Rows before insert: 860237
17:22:15 ---------- Rows after insert: 863690
17:22:15 ---------- Attempting to insert 4833 rows into table p_shtg...
17:22:15 ---------- Rows before insert: 861229
17:22:15 ---------- Rows after insert: 864682

17:22:15 ---------- Finished with dates 11/28/2016 - 12/17/2016 - intentional 30 second delay...


17:22:45 ---------- Chunk 11 of 19: 12/18/2016 - 01/06/2017...
17:22:45 ---------- Fetching T data for 12/18/2016 - 01/06/2017...
17:22:49 ----------  292 NBA team rows fetched for 12/18/2016 - 01/06/2017
17:22:50 ---------- Fetching T data for 12/18/2016 - 01/06/2017...
17:22:52 ----------  0 WNBA team rows fetched for 12/18/2016 - 01/06/2017
17:22:52 ---------- No WNBA T data found: 12/18/2016 - 01/06/2017...
17:22:52 ---------- Fetching T data for 12/18/2016 - 01/06/2017...
17:22:56 ----------  138 GNBA team rows fetched for 12/18/2016 - 01/06/2017
17:22:57 ---------- Fetching P data for 12/18/2016 - 01/06/2017...
17:23:02 ----------  3073 NBA player rows fetched for 12/18/2016 - 01/06/2017
17:23:03 ---------- Fetching P data for 12/18/2016 - 01/06/2017...
17:23:05 ----------  0 WNBA player rows fetched for 12/18/2016 - 01/06/2017
17:23:05 ---------- No WNBA P data found: 12/18/2016 - 01/06/2017...
17:23:05 ---------- Fetching P data for 12/18/2016 - 01/06/2017...
17:23:09 ----------  1366 GNBA player rows fetched for 12/18/2016 - 01/06/2017

17:23:10 ---------- 14875 total rows fetched from 12/18/2016 - 01/06/2017...
17:23:10 ---------- Attempting to insert 52 rows into table team...
17:23:10 ---------- Rows before insert: 178
17:23:10 ---------- Rows after insert: 178
17:23:10 ---------- Attempting to insert 1 rows into table season...
17:23:10 ---------- Rows before insert: 160
17:23:10 ---------- Rows after insert: 160
17:23:10 ---------- Attempting to insert 215 rows into table game...
17:23:10 ---------- Rows before insert: 68548
17:23:10 ---------- Rows after insert: 68763
17:23:10 ---------- Attempting to insert 430 rows into table t_game...
17:23:10 ---------- Rows before insert: 48767
17:23:10 ---------- Rows after insert: 48982
17:23:10 ---------- Attempting to insert 430 rows into table t_box...
17:23:10 ---------- Rows before insert: 118797
17:23:10 ---------- Rows after insert: 119227
17:23:10 ---------- Attempting to insert 430 rows into table t_shtg...
17:23:10 ---------- Rows before insert: 118582
17:23:10 ---------- Rows after insert: 119012
17:23:10 ---------- Attempting to insert 4439 rows into table p_game...
17:23:10 ---------- Rows before insert: 44087
17:23:10 ---------- Rows after insert: 47375
17:23:10 ---------- Attempting to insert 4439 rows into table p_box...
17:23:11 ---------- Rows before insert: 863690
17:23:11 ---------- Rows after insert: 866978
17:23:11 ---------- Attempting to insert 4439 rows into table p_shtg...
17:23:11 ---------- Rows before insert: 864682
17:23:11 ---------- Rows after insert: 867970

17:23:11 ---------- Finished with dates 12/18/2016 - 01/06/2017 - intentional 2 second delay...


17:23:13 ---------- Chunk 12 of 19: 01/07/2017 - 01/26/2017...
17:23:13 ---------- Fetching T data for 01/07/2017 - 01/26/2017...
17:23:17 ----------  284 NBA team rows fetched for 01/07/2017 - 01/26/2017
17:23:18 ---------- Fetching T data for 01/07/2017 - 01/26/2017...
17:23:21 ----------  0 WNBA team rows fetched for 01/07/2017 - 01/26/2017
17:23:21 ---------- No WNBA T data found: 01/07/2017 - 01/26/2017...
17:23:21 ---------- Fetching T data for 01/07/2017 - 01/26/2017...
17:23:24 ----------  142 GNBA team rows fetched for 01/07/2017 - 01/26/2017
17:23:25 ---------- Fetching P data for 01/07/2017 - 01/26/2017...
17:23:29 ----------  2997 NBA player rows fetched for 01/07/2017 - 01/26/2017
17:23:30 ---------- Fetching P data for 01/07/2017 - 01/26/2017...
17:23:33 ----------  0 WNBA player rows fetched for 01/07/2017 - 01/26/2017
17:23:33 ---------- No WNBA P data found: 01/07/2017 - 01/26/2017...
17:23:33 ---------- Fetching P data for 01/07/2017 - 01/26/2017...
17:23:37 ----------  1384 GNBA player rows fetched for 01/07/2017 - 01/26/2017

17:23:38 ---------- 14687 total rows fetched from 01/07/2017 - 01/26/2017...
17:23:38 ---------- Attempting to insert 52 rows into table team...
17:23:38 ---------- Rows before insert: 178
17:23:38 ---------- Rows after insert: 178
17:23:38 ---------- Attempting to insert 1 rows into table season...
17:23:38 ---------- Rows before insert: 160
17:23:38 ---------- Rows after insert: 160
17:23:38 ---------- Attempting to insert 213 rows into table game...
17:23:38 ---------- Rows before insert: 68763
17:23:38 ---------- Rows after insert: 68976
17:23:38 ---------- Attempting to insert 426 rows into table t_game...
17:23:38 ---------- Rows before insert: 48982
17:23:38 ---------- Rows after insert: 49195
17:23:38 ---------- Attempting to insert 426 rows into table t_box...
17:23:38 ---------- Rows before insert: 119227
17:23:38 ---------- Rows after insert: 119653
17:23:38 ---------- Attempting to insert 426 rows into table t_shtg...
17:23:38 ---------- Rows before insert: 119012
17:23:38 ---------- Rows after insert: 119438
17:23:38 ---------- Attempting to insert 4381 rows into table p_game...
17:23:38 ---------- Rows before insert: 47375
17:23:38 ---------- Rows after insert: 50609
17:23:38 ---------- Attempting to insert 4381 rows into table p_box...
17:23:39 ---------- Rows before insert: 866978
17:23:39 ---------- Rows after insert: 870212
17:23:39 ---------- Attempting to insert 4381 rows into table p_shtg...
17:23:39 ---------- Rows before insert: 867970
17:23:39 ---------- Rows after insert: 871204

17:23:39 ---------- Finished with dates 01/07/2017 - 01/26/2017 - intentional 2 second delay...


17:23:41 ---------- Chunk 13 of 19: 01/27/2017 - 02/15/2017...
17:23:41 ---------- Fetching T data for 01/27/2017 - 02/15/2017...
17:23:45 ----------  310 NBA team rows fetched for 01/27/2017 - 02/15/2017
17:23:46 ---------- Fetching T data for 01/27/2017 - 02/15/2017...
17:23:48 ----------  0 WNBA team rows fetched for 01/27/2017 - 02/15/2017
17:23:48 ---------- No WNBA T data found: 01/27/2017 - 02/15/2017...
17:23:48 ---------- Fetching T data for 01/27/2017 - 02/15/2017...
17:23:51 ----------  176 GNBA team rows fetched for 01/27/2017 - 02/15/2017
17:23:52 ---------- Fetching P data for 01/27/2017 - 02/15/2017...
17:23:57 ----------  3278 NBA player rows fetched for 01/27/2017 - 02/15/2017
17:23:58 ---------- Fetching P data for 01/27/2017 - 02/15/2017...
17:24:00 ----------  0 WNBA player rows fetched for 01/27/2017 - 02/15/2017
17:24:00 ---------- No WNBA P data found: 01/27/2017 - 02/15/2017...
17:24:00 ---------- Fetching P data for 01/27/2017 - 02/15/2017...
17:24:04 ----------  1711 GNBA player rows fetched for 01/27/2017 - 02/15/2017

17:24:06 ---------- 16721 total rows fetched from 01/27/2017 - 02/15/2017...
17:24:06 ---------- Attempting to insert 52 rows into table team...
17:24:06 ---------- Rows before insert: 178
17:24:06 ---------- Rows after insert: 178
17:24:06 ---------- Attempting to insert 1 rows into table season...
17:24:06 ---------- Rows before insert: 160
17:24:06 ---------- Rows after insert: 160
17:24:06 ---------- Attempting to insert 243 rows into table game...
17:24:06 ---------- Rows before insert: 68976
17:24:06 ---------- Rows after insert: 69219
17:24:06 ---------- Attempting to insert 486 rows into table t_game...
17:24:06 ---------- Rows before insert: 49195
17:24:06 ---------- Rows after insert: 49438
17:24:06 ---------- Attempting to insert 486 rows into table t_box...
17:24:06 ---------- Rows before insert: 119653
17:24:06 ---------- Rows after insert: 120139
17:24:06 ---------- Attempting to insert 486 rows into table t_shtg...
17:24:06 ---------- Rows before insert: 119438
17:24:06 ---------- Rows after insert: 119924
17:24:06 ---------- Attempting to insert 4989 rows into table p_game...
17:24:06 ---------- Rows before insert: 50609
17:24:06 ---------- Rows after insert: 54158
17:24:06 ---------- Attempting to insert 4989 rows into table p_box...
17:24:06 ---------- Rows before insert: 870212
17:24:06 ---------- Rows after insert: 873761
17:24:06 ---------- Attempting to insert 4989 rows into table p_shtg...
17:24:07 ---------- Rows before insert: 871204
17:24:07 ---------- Rows after insert: 874753

17:24:07 ---------- Finished with dates 01/27/2017 - 02/15/2017 - intentional 2 second delay...


17:24:09 ---------- Chunk 14 of 19: 02/16/2017 - 03/07/2017...
17:24:09 ---------- Fetching T data for 02/16/2017 - 03/07/2017...
17:24:13 ----------  207 NBA team rows fetched for 02/16/2017 - 03/07/2017
17:24:14 ---------- Fetching T data for 02/16/2017 - 03/07/2017...
17:24:16 ----------  0 WNBA team rows fetched for 02/16/2017 - 03/07/2017
17:24:16 ---------- No WNBA T data found: 02/16/2017 - 03/07/2017...
17:24:16 ---------- Fetching T data for 02/16/2017 - 03/07/2017...
17:24:20 ----------  120 GNBA team rows fetched for 02/16/2017 - 03/07/2017
17:24:21 ---------- Fetching P data for 02/16/2017 - 03/07/2017...
17:24:25 ----------  2187 NBA player rows fetched for 02/16/2017 - 03/07/2017
17:24:26 ---------- Fetching P data for 02/16/2017 - 03/07/2017...
17:24:28 ----------  0 WNBA player rows fetched for 02/16/2017 - 03/07/2017
17:24:28 ---------- No WNBA P data found: 02/16/2017 - 03/07/2017...
17:24:28 ---------- Fetching P data for 02/16/2017 - 03/07/2017...
17:24:32 ----------  1179 GNBA player rows fetched for 02/16/2017 - 03/07/2017

17:24:33 ---------- 11317 total rows fetched from 02/16/2017 - 03/07/2017...
17:24:33 ---------- Attempting to insert 60 rows into table team...
17:24:33 ---------- Rows before insert: 178
17:24:33 ---------- Rows after insert: 178
17:24:33 ---------- Attempting to insert 2 rows into table season...
17:24:33 ---------- Rows before insert: 160
17:24:33 ---------- Rows after insert: 161
17:24:33 ---------- Attempting to insert 163 rows into table game...
17:24:33 ---------- Rows before insert: 69219
17:24:33 ---------- Rows after insert: 69382
17:24:33 ---------- Attempting to insert 327 rows into table t_game...
17:24:33 ---------- Invalid parameter type at row 202, column 8
17:24:33 ---------- Attempting to insert 327 rows into table t_box...
17:24:33 ---------- Rows before insert: 120139
17:24:33 ---------- Rows after insert: 120139
17:24:33 ---------- Attempting to insert 327 rows into table t_shtg...
17:24:33 ---------- Rows before insert: 119924
17:24:33 ---------- Rows after insert: 119924
17:24:33 ---------- Attempting to insert 3379 rows into table p_game...
17:24:33 ---------- Invalid parameter type at row 202, column 8
17:24:33 ---------- Invalid parameter type at row 2102, column 10
17:24:33 ---------- Attempting to insert 3366 rows into table p_box...
17:24:34 ---------- Rows before insert: 873761
17:24:34 ---------- Rows after insert: 873761
17:24:34 ---------- Attempting to insert 3366 rows into table p_shtg...
17:24:34 ---------- Rows before insert: 874753
17:24:34 ---------- Rows after insert: 874753

17:24:34 ---------- Finished with dates 02/16/2017 - 03/07/2017 - intentional 2 second delay...


17:24:36 ---------- Chunk 15 of 19: 03/08/2017 - 03/27/2017...
17:24:36 ---------- Fetching T data for 03/08/2017 - 03/27/2017...
17:24:40 ----------  308 NBA team rows fetched for 03/08/2017 - 03/27/2017
17:24:41 ---------- Fetching T data for 03/08/2017 - 03/27/2017...
17:24:43 ----------  0 WNBA team rows fetched for 03/08/2017 - 03/27/2017
17:24:43 ---------- No WNBA T data found: 03/08/2017 - 03/27/2017...
17:24:43 ---------- Fetching T data for 03/08/2017 - 03/27/2017...
17:24:46 ----------  172 GNBA team rows fetched for 03/08/2017 - 03/27/2017
17:24:47 ---------- Fetching P data for 03/08/2017 - 03/27/2017...
17:24:52 ----------  3287 NBA player rows fetched for 03/08/2017 - 03/27/2017
17:24:53 ---------- Fetching P data for 03/08/2017 - 03/27/2017...
17:24:56 ----------  0 WNBA player rows fetched for 03/08/2017 - 03/27/2017
17:24:56 ---------- No WNBA P data found: 03/08/2017 - 03/27/2017...
17:24:56 ---------- Fetching P data for 03/08/2017 - 03/27/2017...
17:25:00 ----------  1645 GNBA player rows fetched for 03/08/2017 - 03/27/2017

17:25:01 ---------- 16529 total rows fetched from 03/08/2017 - 03/27/2017...
17:25:01 ---------- Attempting to insert 52 rows into table team...
17:25:01 ---------- Rows before insert: 178
17:25:01 ---------- Rows after insert: 178
17:25:01 ---------- Attempting to insert 1 rows into table season...
17:25:01 ---------- Rows before insert: 161
17:25:01 ---------- Rows after insert: 161
17:25:01 ---------- Attempting to insert 240 rows into table game...
17:25:01 ---------- Rows before insert: 69382
17:25:01 ---------- Rows after insert: 69622
17:25:01 ---------- Attempting to insert 480 rows into table t_game...
17:25:01 ---------- Rows before insert: 49438
17:25:01 ---------- Rows after insert: 49678
17:25:01 ---------- Attempting to insert 480 rows into table t_box...
17:25:01 ---------- Rows before insert: 120139
17:25:01 ---------- Rows after insert: 120619
17:25:01 ---------- Attempting to insert 480 rows into table t_shtg...
17:25:01 ---------- Rows before insert: 119924
17:25:01 ---------- Rows after insert: 120404
17:25:01 ---------- Attempting to insert 4932 rows into table p_game...
17:25:01 ---------- Rows before insert: 54158
17:25:01 ---------- Rows after insert: 57684
17:25:01 ---------- Attempting to insert 4932 rows into table p_box...
17:25:02 ---------- Rows before insert: 873761
17:25:02 ---------- Rows after insert: 877287
17:25:02 ---------- Attempting to insert 4932 rows into table p_shtg...
17:25:02 ---------- Rows before insert: 874753
17:25:02 ---------- Rows after insert: 878279

17:25:02 ---------- Finished with dates 03/08/2017 - 03/27/2017 - intentional 30 second delay...


17:25:32 ---------- Chunk 16 of 19: 03/28/2017 - 04/16/2017...
17:25:32 ---------- Fetching T data for 03/28/2017 - 04/16/2017...
17:25:36 ----------  274 NBA team rows fetched for 03/28/2017 - 04/16/2017
17:25:37 ---------- Fetching T data for 03/28/2017 - 04/16/2017...
17:25:40 ----------  0 WNBA team rows fetched for 03/28/2017 - 04/16/2017
17:25:40 ---------- No WNBA T data found: 03/28/2017 - 04/16/2017...
17:25:40 ---------- Fetching T data for 03/28/2017 - 04/16/2017...
17:25:43 ----------  82 GNBA team rows fetched for 03/28/2017 - 04/16/2017
17:25:44 ---------- Fetching P data for 03/28/2017 - 04/16/2017...
17:25:48 ----------  2845 NBA player rows fetched for 03/28/2017 - 04/16/2017
17:25:49 ---------- Fetching P data for 03/28/2017 - 04/16/2017...
17:25:53 ----------  0 WNBA player rows fetched for 03/28/2017 - 04/16/2017
17:25:53 ---------- No WNBA P data found: 03/28/2017 - 04/16/2017...
17:25:53 ---------- Fetching P data for 03/28/2017 - 04/16/2017...
17:25:57 ----------  787 GNBA player rows fetched for 03/28/2017 - 04/16/2017

17:25:58 ---------- 12196 total rows fetched from 03/28/2017 - 04/16/2017...
17:25:58 ---------- Attempting to insert 52 rows into table team...
17:25:58 ---------- Rows before insert: 178
17:25:58 ---------- Rows after insert: 178
17:25:58 ---------- Attempting to insert 2 rows into table season...
17:25:58 ---------- Rows before insert: 161
17:25:58 ---------- Rows after insert: 161
17:25:58 ---------- Attempting to insert 178 rows into table game...
17:25:58 ---------- Rows before insert: 69622
17:25:58 ---------- Rows after insert: 69800
17:25:58 ---------- Attempting to insert 356 rows into table t_game...
17:25:58 ---------- Rows before insert: 49678
17:25:58 ---------- Rows after insert: 49856
17:25:58 ---------- Attempting to insert 356 rows into table t_box...
17:25:58 ---------- Rows before insert: 120619
17:25:58 ---------- Rows after insert: 120975
17:25:58 ---------- Attempting to insert 356 rows into table t_shtg...
17:25:58 ---------- Rows before insert: 120404
17:25:58 ---------- Rows after insert: 120760
17:25:58 ---------- Attempting to insert 3632 rows into table p_game...
17:25:58 ---------- Rows before insert: 57684
17:25:58 ---------- Rows after insert: 60667
17:25:58 ---------- Attempting to insert 3632 rows into table p_box...
17:25:59 ---------- Rows before insert: 877287
17:25:59 ---------- Rows after insert: 880270
17:25:59 ---------- Attempting to insert 3632 rows into table p_shtg...
17:25:59 ---------- Rows before insert: 878279
17:25:59 ---------- Rows after insert: 881262

17:25:59 ---------- Finished with dates 03/28/2017 - 04/16/2017 - intentional 2 second delay...


17:26:01 ---------- Chunk 17 of 19: 04/17/2017 - 05/06/2017...
17:26:01 ---------- Fetching T data for 04/17/2017 - 05/06/2017...
17:26:06 ----------  96 NBA team rows fetched for 04/17/2017 - 05/06/2017
17:26:07 ---------- Fetching T data for 04/17/2017 - 05/06/2017...
17:26:11 ----------  20 WNBA team rows fetched for 04/17/2017 - 05/06/2017
17:26:12 ---------- Fetching T data for 04/17/2017 - 05/06/2017...
17:26:15 ----------  10 GNBA team rows fetched for 04/17/2017 - 05/06/2017
17:26:16 ---------- Fetching P data for 04/17/2017 - 05/06/2017...
17:26:21 ----------  1034 NBA player rows fetched for 04/17/2017 - 05/06/2017
17:26:22 ---------- Fetching P data for 04/17/2017 - 05/06/2017...
17:26:25 ----------  256 WNBA player rows fetched for 04/17/2017 - 05/06/2017
17:26:26 ---------- Fetching P data for 04/17/2017 - 05/06/2017...
17:26:29 ----------  103 GNBA player rows fetched for 04/17/2017 - 05/06/2017

17:26:31 ---------- 4654 total rows fetched from 04/17/2017 - 05/06/2017...
17:26:31 ---------- Attempting to insert 32 rows into table team...
17:26:31 ---------- Rows before insert: 178
17:26:31 ---------- Rows after insert: 178
17:26:31 ---------- Attempting to insert 2 rows into table season...
17:26:31 ---------- Rows before insert: 161
17:26:31 ---------- Rows after insert: 161
17:26:31 ---------- Attempting to insert 63 rows into table game...
17:26:31 ---------- Rows before insert: 69800
17:26:31 ---------- Rows after insert: 69863
17:26:31 ---------- Attempting to insert 126 rows into table t_game...
17:26:31 ---------- Rows before insert: 49856
17:26:31 ---------- Rows after insert: 49919
17:26:31 ---------- Attempting to insert 126 rows into table t_box...
17:26:31 ---------- Rows before insert: 120975
17:26:31 ---------- Rows after insert: 121101
17:26:31 ---------- Attempting to insert 126 rows into table t_shtg...
17:26:31 ---------- Rows before insert: 120760
17:26:31 ---------- Rows after insert: 120886
17:26:31 ---------- Attempting to insert 1393 rows into table p_game...
17:26:31 ---------- Rows before insert: 60667
17:26:31 ---------- Rows after insert: 61870
17:26:31 ---------- Attempting to insert 1393 rows into table p_box...
17:26:31 ---------- Rows before insert: 880270
17:26:31 ---------- Rows after insert: 881473
17:26:31 ---------- Attempting to insert 1393 rows into table p_shtg...
17:26:31 ---------- Rows before insert: 881262
17:26:31 ---------- Rows after insert: 882465

17:26:31 ---------- Finished with dates 04/17/2017 - 05/06/2017 - intentional 2 second delay...


17:26:33 ---------- Chunk 18 of 19: 05/07/2017 - 05/26/2017...
17:26:33 ---------- Fetching T data for 05/07/2017 - 05/26/2017...
17:26:37 ----------  36 NBA team rows fetched for 05/07/2017 - 05/26/2017
17:26:38 ---------- Fetching T data for 05/07/2017 - 05/26/2017...
17:26:41 ----------  54 WNBA team rows fetched for 05/07/2017 - 05/26/2017
17:26:42 ---------- Fetching T data for 05/07/2017 - 05/26/2017...
17:26:45 ----------  0 GNBA team rows fetched for 05/07/2017 - 05/26/2017
17:26:45 ---------- No GNBA T data found: 05/07/2017 - 05/26/2017...
17:26:45 ---------- Fetching P data for 05/07/2017 - 05/26/2017...
17:26:49 ----------  412 NBA player rows fetched for 05/07/2017 - 05/26/2017
17:26:50 ---------- Fetching P data for 05/07/2017 - 05/26/2017...
17:26:53 ----------  552 WNBA player rows fetched for 05/07/2017 - 05/26/2017
17:26:54 ---------- Fetching P data for 05/07/2017 - 05/26/2017...
17:26:57 ----------  0 GNBA player rows fetched for 05/07/2017 - 05/26/2017
17:26:57 ---------- No GNBA P data found: 05/07/2017 - 05/26/2017...

17:26:57 ---------- 3230 total rows fetched from 05/07/2017 - 05/26/2017...
17:26:57 ---------- Attempting to insert 20 rows into table team...
17:26:57 ---------- Rows before insert: 178
17:26:57 ---------- Rows after insert: 178
17:26:57 ---------- Attempting to insert 3 rows into table season...
17:26:57 ---------- Rows before insert: 161
17:26:57 ---------- Rows after insert: 161
17:26:57 ---------- Attempting to insert 45 rows into table game...
17:26:57 ---------- Rows before insert: 69863
17:26:57 ---------- Rows after insert: 69908
17:26:57 ---------- Attempting to insert 90 rows into table t_game...
17:26:57 ---------- Rows before insert: 49919
17:26:57 ---------- Rows after insert: 49964
17:26:57 ---------- Attempting to insert 90 rows into table t_box...
17:26:57 ---------- Rows before insert: 121101
17:26:57 ---------- Rows after insert: 121191
17:26:57 ---------- Attempting to insert 90 rows into table t_shtg...
17:26:57 ---------- Rows before insert: 120886
17:26:57 ---------- Rows after insert: 120976
17:26:57 ---------- Attempting to insert 964 rows into table p_game...
17:26:57 ---------- Rows before insert: 61870
17:26:57 ---------- Rows after insert: 62736
17:26:57 ---------- Attempting to insert 964 rows into table p_box...
17:26:57 ---------- Rows before insert: 881473
17:26:57 ---------- Rows after insert: 882339
17:26:57 ---------- Attempting to insert 964 rows into table p_shtg...
17:26:58 ---------- Rows before insert: 882465
17:26:58 ---------- Rows after insert: 883331

17:26:58 ---------- Finished with dates 05/07/2017 - 05/26/2017 - intentional 2 second delay...


17:27:00 ---------- Chunk 19 of 19: 05/27/2017 - 06/01/2017...
17:27:00 ---------- Fetching T data for 05/27/2017 - 06/01/2017...
17:27:04 ----------  2 NBA team rows fetched for 05/27/2017 - 06/01/2017
17:27:05 ---------- Fetching T data for 05/27/2017 - 06/01/2017...
17:27:08 ----------  20 WNBA team rows fetched for 05/27/2017 - 06/01/2017
17:27:09 ---------- Fetching T data for 05/27/2017 - 06/01/2017...
17:27:11 ----------  0 GNBA team rows fetched for 05/27/2017 - 06/01/2017
17:27:11 ---------- No GNBA T data found: 05/27/2017 - 06/01/2017...
17:27:11 ---------- Fetching P data for 05/27/2017 - 06/01/2017...
17:27:15 ----------  25 NBA player rows fetched for 05/27/2017 - 06/01/2017
17:27:16 ---------- Fetching P data for 05/27/2017 - 06/01/2017...
17:27:19 ----------  210 WNBA player rows fetched for 05/27/2017 - 06/01/2017
17:27:20 ---------- Fetching P data for 05/27/2017 - 06/01/2017...
17:27:22 ----------  0 GNBA player rows fetched for 05/27/2017 - 06/01/2017
17:27:22 ---------- No GNBA P data found: 05/27/2017 - 06/01/2017...

17:27:22 ---------- 798 total rows fetched from 05/27/2017 - 06/01/2017...
17:27:22 ---------- Attempting to insert 14 rows into table team...
17:27:22 ---------- Rows before insert: 178
17:27:22 ---------- Rows after insert: 178
17:27:22 ---------- Attempting to insert 2 rows into table season...
17:27:22 ---------- Rows before insert: 161
17:27:22 ---------- Rows after insert: 161
17:27:22 ---------- Attempting to insert 11 rows into table game...
17:27:22 ---------- Rows before insert: 69908
17:27:22 ---------- Rows after insert: 69919
17:27:22 ---------- Attempting to insert 22 rows into table t_game...
17:27:22 ---------- Rows before insert: 49964
17:27:22 ---------- Rows after insert: 49975
17:27:22 ---------- Attempting to insert 22 rows into table t_box...
17:27:22 ---------- Rows before insert: 121191
17:27:22 ---------- Rows after insert: 121213
17:27:22 ---------- Attempting to insert 22 rows into table t_shtg...
17:27:22 ---------- Rows before insert: 120976
17:27:22 ---------- Rows after insert: 120998
17:27:22 ---------- Attempting to insert 235 rows into table p_game...
17:27:22 ---------- Rows before insert: 62736
17:27:22 ---------- Rows after insert: 62934
17:27:22 ---------- Attempting to insert 235 rows into table p_box...
17:27:23 ---------- Rows before insert: 882339
17:27:23 ---------- Rows after insert: 882537
17:27:23 ---------- Attempting to insert 235 rows into table p_shtg...
17:27:23 ---------- Rows before insert: 883331
17:27:23 ---------- Rows after insert: 883529

17:27:23 ---------- Finished with dates 05/27/2017 - 06/01/2017 - intentional 30 second delay...


17:27:53 ---------- Finished fetching data from 06/01/2016 - 06/01/2017 - script complete!
