22:38:01 ---------- Fetching and inserting NBA/WNBA/G-League game logs: 06/24/2025

22:38:01 ---------- Fetching current players first...
22:38:01 ---------- Fetching current players, inserting into player_temp to trigger stored procedure sp_update_players...
22:38:02 ----------  0 NBA team rows fetched for 06/24/2025 - None
22:38:02 ---------- No NBA T data found: 06/24/2025 - None...
22:38:02 ----------  8 WNBA team rows fetched for 06/24/2025 - None
22:38:03 ----------  0 GNBA team rows fetched for 06/24/2025 - None
22:38:03 ---------- No GNBA T data found: 06/24/2025 - None...
22:38:03 ----------  0 NBA player rows fetched for 06/24/2025 - None
22:38:03 ---------- No NBA P data found: 06/24/2025 - None...
22:38:03 ----------  73 WNBA player rows fetched for 06/24/2025 - None
22:38:04 ----------  0 GNBA player rows fetched for 06/24/2025 - None
22:38:04 ---------- No GNBA P data found: 06/24/2025 - None...
22:38:04 ---------- Team logs fetched and cleaned, starting DB insert...
22:38:04 ---------- Attempting to insert 8 rows into table team...
22:38:04 ---------- Rows before insert: 178
22:38:04 ---------- Rows after insert: 178
22:38:04 ---------- Attempting to insert 1 rows into table season...
22:38:04 ---------- Rows before insert: 156
22:38:04 ---------- Rows after insert: 156
22:38:04 ---------- Attempting to insert 4 rows into table game...
22:38:04 ---------- Rows before insert: 67973
22:38:04 ---------- Rows after insert: 67973
22:38:04 ---------- Attempting to insert 8 rows into table t_game...
22:38:04 ---------- Rows before insert: 48090
22:38:04 ---------- Rows after insert: 48090
22:38:04 ---------- Attempting to insert 8 rows into table t_box...
22:38:04 ---------- Rows before insert: 117443
22:38:04 ---------- Rows after insert: 117443
22:38:04 ---------- Attempting to insert 8 rows into table t_shtg...
22:38:04 ---------- Rows before insert: 117228
22:38:04 ---------- Rows after insert: 117228
22:38:04 ---------- Attempting to insert 73 rows into table p_game...
22:38:04 ---------- Rows before insert: 28294
22:38:04 ---------- Rows after insert: 28294
22:38:04 ---------- Attempting to insert 73 rows into table p_box...
22:38:04 ---------- Rows before insert: 854411
22:38:04 ---------- Rows after insert: 854411
22:38:04 ---------- Attempting to insert 73 rows into table p_shtg...
22:38:05 ---------- Rows before insert: 855403
22:38:05 ---------- Rows after insert: 855403

22:38:05 ---------- Script complete!
