00:15:03 ---------- Fetching and inserting NBA/WNBA/G-League game logs: 06/28/2025

00:15:03 ---------- Fetching current players first...
00:15:03 ---------- Fetching current players, inserting into player_temp to trigger stored procedure sp_update_players...
00:15:05 ----------  0 NBA team rows fetched for 06/28/2025 - None
00:15:05 ---------- No NBA T data found: 06/28/2025 - None...
00:15:05 ----------  2 WNBA team rows fetched for 06/28/2025 - None
00:15:07 ----------  0 GNBA team rows fetched for 06/28/2025 - None
00:15:07 ---------- No GNBA T data found: 06/28/2025 - None...
00:15:07 ----------  0 NBA player rows fetched for 06/28/2025 - None
00:15:07 ---------- No NBA P data found: 06/28/2025 - None...
00:15:07 ----------  17 WNBA player rows fetched for 06/28/2025 - None
00:15:08 ----------  0 GNBA player rows fetched for 06/28/2025 - None
00:15:08 ---------- No GNBA P data found: 06/28/2025 - None...
00:15:09 ---------- Team logs fetched and cleaned, starting DB insert...
00:15:09 ---------- Attempting to insert 2 rows into table team...
00:15:09 ---------- Rows before insert: 178
00:15:09 ---------- Rows after insert: 178
00:15:09 ---------- Attempting to insert 1 rows into table season...
00:15:09 ---------- Rows before insert: 156
00:15:09 ---------- Rows after insert: 156
00:15:09 ---------- Attempting to insert 1 rows into table game...
00:15:09 ---------- Rows before insert: 67980
00:15:09 ---------- Rows after insert: 67981
00:15:09 ---------- Attempting to insert 2 rows into table t_game...
00:15:09 ---------- Rows before insert: 48097
00:15:09 ---------- Rows after insert: 48098
00:15:09 ---------- Attempting to insert 2 rows into table t_box...
00:15:09 ---------- Rows before insert: 117457
00:15:09 ---------- Rows after insert: 117459
00:15:09 ---------- Attempting to insert 2 rows into table t_shtg...
00:15:09 ---------- Rows before insert: 117242
00:15:09 ---------- Rows after insert: 117244
00:15:09 ---------- Attempting to insert 17 rows into table p_game...
00:15:09 ---------- Rows before insert: 28424
00:15:09 ---------- Rows after insert: 28441
00:15:09 ---------- Attempting to insert 17 rows into table p_box...
00:15:10 ---------- Rows before insert: 854541
00:15:10 ---------- Rows after insert: 854558
00:15:10 ---------- Attempting to insert 17 rows into table p_shtg...
00:15:10 ---------- Rows before insert: 855533
00:15:10 ---------- Rows after insert: 855550

00:15:10 ---------- Script complete!
