00:15:02 ---------- Fetching and inserting NBA/WNBA/G-League game logs: 07/09/2025

00:15:02 ---------- Fetching current players first...
00:15:02 ---------- Fetching current players, inserting into player_temp to trigger stored procedure sp_update_players...
00:15:04 ----------  0 NBA team rows fetched for 07/09/2025 - None
00:15:04 ---------- No NBA T data found: 07/09/2025 - None...
00:15:04 ----------  8 WNBA team rows fetched for 07/09/2025 - None
00:15:05 ----------  0 GNBA team rows fetched for 07/09/2025 - None
00:15:05 ---------- No GNBA T data found: 07/09/2025 - None...
00:15:06 ----------  0 NBA player rows fetched for 07/09/2025 - None
00:15:06 ---------- No NBA P data found: 07/09/2025 - None...
00:15:06 ----------  73 WNBA player rows fetched for 07/09/2025 - None
00:15:07 ----------  0 GNBA player rows fetched for 07/09/2025 - None
00:15:07 ---------- No GNBA P data found: 07/09/2025 - None...
00:15:07 ---------- Team logs fetched and cleaned, starting DB insert...
00:15:07 ---------- Attempting to insert 8 rows into table team...
00:15:07 ---------- Rows before insert: 178
00:15:07 ---------- Rows after insert: 178
00:15:07 ---------- Attempting to insert 1 rows into table season...
00:15:07 ---------- Rows before insert: 157
00:15:07 ---------- Rows after insert: 157
00:15:07 ---------- Attempting to insert 4 rows into table game...
00:15:07 ---------- Rows before insert: 68001
00:15:07 ---------- Rows after insert: 68005
00:15:07 ---------- Attempting to insert 8 rows into table t_game...
00:15:07 ---------- Rows before insert: 48118
00:15:07 ---------- Rows after insert: 48122
00:15:07 ---------- Attempting to insert 8 rows into table t_box...
00:15:07 ---------- Rows before insert: 117499
00:15:07 ---------- Rows after insert: 117507
00:15:07 ---------- Attempting to insert 8 rows into table t_shtg...
00:15:07 ---------- Rows before insert: 117284
00:15:07 ---------- Rows after insert: 117292
00:15:07 ---------- Attempting to insert 73 rows into table p_game...
00:15:07 ---------- Rows before insert: 28820
00:15:07 ---------- Rows after insert: 28893
00:15:07 ---------- Attempting to insert 73 rows into table p_box...
00:15:08 ---------- Rows before insert: 854937
00:15:08 ---------- Rows after insert: 855010
00:15:08 ---------- Attempting to insert 73 rows into table p_shtg...
00:15:09 ---------- Rows before insert: 855929
00:15:09 ---------- Rows after insert: 856002

00:15:09 ---------- Script complete!
