00:15:02 ---------- Fetching and inserting NBA/WNBA/G-League game logs: 07/13/2025

00:15:02 ---------- Fetching current players first...
00:15:02 ---------- Fetching current players, inserting into player_temp to trigger stored procedure sp_update_players...
00:15:18 ----------  0 NBA team rows fetched for 07/13/2025 - None
00:15:18 ---------- No NBA T data found: 07/13/2025 - None...
00:15:19 ----------  8 WNBA team rows fetched for 07/13/2025 - None
00:15:20 ----------  0 GNBA team rows fetched for 07/13/2025 - None
00:15:20 ---------- No GNBA T data found: 07/13/2025 - None...
00:15:21 ----------  0 NBA player rows fetched for 07/13/2025 - None
00:15:21 ---------- No NBA P data found: 07/13/2025 - None...
00:15:21 ----------  73 WNBA player rows fetched for 07/13/2025 - None
00:15:22 ----------  0 GNBA player rows fetched for 07/13/2025 - None
00:15:22 ---------- No GNBA P data found: 07/13/2025 - None...
00:15:22 ---------- Team logs fetched and cleaned, starting DB insert...
00:15:22 ---------- Attempting to insert 8 rows into table team...
00:15:22 ---------- Rows before insert: 178
00:15:22 ---------- Rows after insert: 178
00:15:22 ---------- Attempting to insert 1 rows into table season...
00:15:22 ---------- Rows before insert: 160
00:15:22 ---------- Rows after insert: 160
00:15:22 ---------- Attempting to insert 4 rows into table game...
00:15:22 ---------- Rows before insert: 68011
00:15:22 ---------- Rows after insert: 68015
00:15:22 ---------- Attempting to insert 8 rows into table t_game...
00:15:22 ---------- Rows before insert: 48128
00:15:22 ---------- Rows after insert: 48132
00:15:22 ---------- Attempting to insert 8 rows into table t_box...
00:15:23 ---------- Rows before insert: 117519
00:15:23 ---------- Rows after insert: 117527
00:15:23 ---------- Attempting to insert 8 rows into table t_shtg...
00:15:23 ---------- Rows before insert: 117304
00:15:23 ---------- Rows after insert: 117312
00:15:23 ---------- Attempting to insert 73 rows into table p_game...
00:15:23 ---------- Rows before insert: 29009
00:15:23 ---------- Rows after insert: 29082
00:15:23 ---------- Attempting to insert 73 rows into table p_box...
00:15:24 ---------- Rows before insert: 855126
00:15:24 ---------- Rows after insert: 855199
00:15:24 ---------- Attempting to insert 73 rows into table p_shtg...
00:15:24 ---------- Rows before insert: 856118
00:15:24 ---------- Rows after insert: 856191

00:15:24 ---------- Script complete!
