00:15:02 ---------- Fetching and inserting NBA/WNBA/G-League game logs: 07/07/2025

00:15:02 ---------- Fetching current players first...
00:15:02 ---------- Fetching current players, inserting into player_temp to trigger stored procedure sp_update_players...
00:15:04 ----------  0 NBA team rows fetched for 07/07/2025 - None
00:15:04 ---------- No NBA T data found: 07/07/2025 - None...
00:15:05 ----------  4 WNBA team rows fetched for 07/07/2025 - None
00:15:06 ----------  0 GNBA team rows fetched for 07/07/2025 - None
00:15:06 ---------- No GNBA T data found: 07/07/2025 - None...
00:15:06 ----------  0 NBA player rows fetched for 07/07/2025 - None
00:15:06 ---------- No NBA P data found: 07/07/2025 - None...
00:15:06 ----------  37 WNBA player rows fetched for 07/07/2025 - None
00:15:08 ----------  0 GNBA player rows fetched for 07/07/2025 - None
00:15:08 ---------- No GNBA P data found: 07/07/2025 - None...
00:15:08 ---------- Team logs fetched and cleaned, starting DB insert...
00:15:08 ---------- Attempting to insert 4 rows into table team...
00:15:08 ---------- Rows before insert: 178
00:15:08 ---------- Rows after insert: 178
00:15:08 ---------- Attempting to insert 1 rows into table season...
00:15:08 ---------- Rows before insert: 157
00:15:08 ---------- Rows after insert: 157
00:15:08 ---------- Attempting to insert 2 rows into table game...
00:15:08 ---------- Rows before insert: 67997
00:15:08 ---------- Rows after insert: 67999
00:15:08 ---------- Attempting to insert 4 rows into table t_game...
00:15:08 ---------- Rows before insert: 48114
00:15:08 ---------- Rows after insert: 48116
00:15:08 ---------- Attempting to insert 4 rows into table t_box...
00:15:08 ---------- Rows before insert: 117491
00:15:08 ---------- Rows after insert: 117495
00:15:08 ---------- Attempting to insert 4 rows into table t_shtg...
00:15:08 ---------- Rows before insert: 117276
00:15:08 ---------- Rows after insert: 117280
00:15:08 ---------- Attempting to insert 37 rows into table p_game...
00:15:08 ---------- Rows before insert: 28746
00:15:08 ---------- Rows after insert: 28783
00:15:08 ---------- Attempting to insert 37 rows into table p_box...
00:15:09 ---------- Rows before insert: 854863
00:15:09 ---------- Rows after insert: 854900
00:15:09 ---------- Attempting to insert 37 rows into table p_shtg...
00:15:10 ---------- Rows before insert: 855855
00:15:10 ---------- Rows after insert: 855892

00:15:10 ---------- Script complete!
