00:15:02 ---------- Fetching and inserting NBA/WNBA/G-League game logs: 07/05/2025

00:15:02 ---------- Fetching current players first...
00:15:02 ---------- Fetching current players, inserting into player_temp to trigger stored procedure sp_update_players...
00:15:05 ----------  0 NBA team rows fetched for 07/05/2025 - None
00:15:05 ---------- No NBA T data found: 07/05/2025 - None...
00:15:05 ----------  4 WNBA team rows fetched for 07/05/2025 - None
00:15:06 ----------  0 GNBA team rows fetched for 07/05/2025 - None
00:15:06 ---------- No GNBA T data found: 07/05/2025 - None...
00:15:06 ----------  0 NBA player rows fetched for 07/05/2025 - None
00:15:06 ---------- No NBA P data found: 07/05/2025 - None...
00:15:07 ----------  35 WNBA player rows fetched for 07/05/2025 - None
00:15:08 ----------  0 GNBA player rows fetched for 07/05/2025 - None
00:15:08 ---------- No GNBA P data found: 07/05/2025 - None...
00:15:08 ---------- Team logs fetched and cleaned, starting DB insert...
00:15:08 ---------- Attempting to insert 4 rows into table team...
00:15:08 ---------- Rows before insert: 178
00:15:08 ---------- Rows after insert: 178
00:15:08 ---------- Attempting to insert 1 rows into table season...
00:15:08 ---------- Rows before insert: 157
00:15:08 ---------- Rows after insert: 157
00:15:08 ---------- Attempting to insert 2 rows into table game...
00:15:08 ---------- Rows before insert: 67992
00:15:08 ---------- Rows after insert: 67994
00:15:08 ---------- Attempting to insert 4 rows into table t_game...
00:15:08 ---------- Rows before insert: 48109
00:15:08 ---------- Rows after insert: 48111
00:15:08 ---------- Attempting to insert 4 rows into table t_box...
00:15:08 ---------- Rows before insert: 117481
00:15:08 ---------- Rows after insert: 117485
00:15:08 ---------- Attempting to insert 4 rows into table t_shtg...
00:15:08 ---------- Rows before insert: 117266
00:15:08 ---------- Rows after insert: 117270
00:15:08 ---------- Attempting to insert 35 rows into table p_game...
00:15:08 ---------- Rows before insert: 28653
00:15:08 ---------- Rows after insert: 28688
00:15:08 ---------- Attempting to insert 35 rows into table p_box...
00:15:09 ---------- Rows before insert: 854770
00:15:09 ---------- Rows after insert: 854805
00:15:09 ---------- Attempting to insert 35 rows into table p_shtg...
00:15:10 ---------- Rows before insert: 855762
00:15:10 ---------- Rows after insert: 855797

00:15:10 ---------- Script complete!
