00:15:02 ---------- Fetching and inserting NBA/WNBA/G-League game logs: 07/14/2025

00:15:02 ---------- Fetching current players first...
00:15:02 ---------- Fetching current players, inserting into player_temp to trigger stored procedure sp_update_players...
00:15:05 ----------  0 NBA team rows fetched for 07/14/2025 - None
00:15:05 ---------- No NBA T data found: 07/14/2025 - None...
00:15:05 ----------  4 WNBA team rows fetched for 07/14/2025 - None
00:15:07 ----------  0 GNBA team rows fetched for 07/14/2025 - None
00:15:07 ---------- No GNBA T data found: 07/14/2025 - None...
00:15:07 ----------  0 NBA player rows fetched for 07/14/2025 - None
00:15:07 ---------- No NBA P data found: 07/14/2025 - None...
00:15:08 ----------  37 WNBA player rows fetched for 07/14/2025 - None
00:15:10 ----------  0 GNBA player rows fetched for 07/14/2025 - None
00:15:10 ---------- No GNBA P data found: 07/14/2025 - None...
00:15:10 ---------- Team logs fetched and cleaned, starting DB insert...
00:15:10 ---------- Attempting to insert 4 rows into table team...
00:15:10 ---------- Rows before insert: 178
00:15:10 ---------- Rows after insert: 178
00:15:10 ---------- Attempting to insert 1 rows into table season...
00:15:10 ---------- Rows before insert: 160
00:15:10 ---------- Rows after insert: 160
00:15:10 ---------- Attempting to insert 2 rows into table game...
00:15:10 ---------- Rows before insert: 68015
00:15:10 ---------- Rows after insert: 68017
00:15:10 ---------- Attempting to insert 4 rows into table t_game...
00:15:10 ---------- Rows before insert: 48132
00:15:10 ---------- Rows after insert: 48134
00:15:10 ---------- Attempting to insert 4 rows into table t_box...
00:15:10 ---------- Rows before insert: 117527
00:15:10 ---------- Rows after insert: 117531
00:15:10 ---------- Attempting to insert 4 rows into table t_shtg...
00:15:10 ---------- Rows before insert: 117312
00:15:10 ---------- Rows after insert: 117316
00:15:10 ---------- Attempting to insert 37 rows into table p_game...
00:15:10 ---------- Rows before insert: 29082
00:15:10 ---------- Rows after insert: 29119
00:15:10 ---------- Attempting to insert 37 rows into table p_box...
00:15:11 ---------- Rows before insert: 855199
00:15:11 ---------- Rows after insert: 855236
00:15:11 ---------- Attempting to insert 37 rows into table p_shtg...
00:15:12 ---------- Rows before insert: 856191
00:15:12 ---------- Rows after insert: 856228

00:15:12 ---------- Script complete!
