00:15:02 ---------- Fetching and inserting NBA/WNBA/G-League game logs: 07/03/2025

00:15:02 ---------- Fetching current players first...
00:15:02 ---------- Fetching current players, inserting into player_temp to trigger stored procedure sp_update_players...
00:15:05 ----------  0 NBA team rows fetched for 07/03/2025 - None
00:15:05 ---------- No NBA T data found: 07/03/2025 - None...
00:15:05 ----------  10 WNBA team rows fetched for 07/03/2025 - None
00:15:06 ----------  0 GNBA team rows fetched for 07/03/2025 - None
00:15:06 ---------- No GNBA T data found: 07/03/2025 - None...
00:15:07 ----------  0 NBA player rows fetched for 07/03/2025 - None
00:15:07 ---------- No NBA P data found: 07/03/2025 - None...
00:15:07 ----------  95 WNBA player rows fetched for 07/03/2025 - None
00:15:08 ----------  0 GNBA player rows fetched for 07/03/2025 - None
00:15:08 ---------- No GNBA P data found: 07/03/2025 - None...
00:15:08 ---------- Team logs fetched and cleaned, starting DB insert...
00:15:08 ---------- Attempting to insert 10 rows into table team...
00:15:08 ---------- Rows before insert: 178
00:15:08 ---------- Rows after insert: 178
00:15:08 ---------- Attempting to insert 1 rows into table season...
00:15:08 ---------- Rows before insert: 157
00:15:08 ---------- Rows after insert: 157
00:15:08 ---------- Attempting to insert 5 rows into table game...
00:15:08 ---------- Rows before insert: 67987
00:15:08 ---------- Rows after insert: 67992
00:15:08 ---------- Attempting to insert 10 rows into table t_game...
00:15:08 ---------- Rows before insert: 48104
00:15:08 ---------- Rows after insert: 48109
00:15:08 ---------- Attempting to insert 10 rows into table t_box...
00:15:09 ---------- Rows before insert: 117471
00:15:09 ---------- Rows after insert: 117481
00:15:09 ---------- Attempting to insert 10 rows into table t_shtg...
00:15:09 ---------- Rows before insert: 117256
00:15:09 ---------- Rows after insert: 117266
00:15:09 ---------- Attempting to insert 95 rows into table p_game...
00:15:09 ---------- Rows before insert: 28558
00:15:09 ---------- Rows after insert: 28653
00:15:09 ---------- Attempting to insert 95 rows into table p_box...
00:15:09 ---------- Rows before insert: 854675
00:15:09 ---------- Rows after insert: 854770
00:15:09 ---------- Attempting to insert 95 rows into table p_shtg...
00:15:10 ---------- Rows before insert: 855667
00:15:10 ---------- Rows after insert: 855762

00:15:10 ---------- Script complete!
