00:15:02 ---------- Fetching and inserting NBA/WNBA/G-League game logs: 06/26/2025

00:15:02 ---------- Fetching current players first...
00:15:02 ---------- Fetching current players, inserting into player_temp to trigger stored procedure sp_update_players...
00:15:05 ----------  0 NBA team rows fetched for 06/26/2025 - None
00:15:05 ---------- No NBA T data found: 06/26/2025 - None...
00:15:05 ----------  4 WNBA team rows fetched for 06/26/2025 - None
00:15:06 ----------  0 GNBA team rows fetched for 06/26/2025 - None
00:15:06 ---------- No GNBA T data found: 06/26/2025 - None...
00:15:07 ----------  0 NBA player rows fetched for 06/26/2025 - None
00:15:07 ---------- No NBA P data found: 06/26/2025 - None...
00:15:07 ----------  38 WNBA player rows fetched for 06/26/2025 - None
00:15:08 ----------  0 GNBA player rows fetched for 06/26/2025 - None
00:15:08 ---------- No GNBA P data found: 06/26/2025 - None...
00:15:08 ---------- Team logs fetched and cleaned, starting DB insert...
00:15:08 ---------- Attempting to insert 4 rows into table team...
00:15:08 ---------- Rows before insert: 178
00:15:08 ---------- Rows after insert: 178
00:15:08 ---------- Attempting to insert 1 rows into table season...
00:15:08 ---------- Rows before insert: 156
00:15:08 ---------- Rows after insert: 156
00:15:08 ---------- Attempting to insert 2 rows into table game...
00:15:08 ---------- Rows before insert: 67973
00:15:08 ---------- Rows after insert: 67975
00:15:08 ---------- Attempting to insert 4 rows into table t_game...
00:15:08 ---------- Rows before insert: 48090
00:15:08 ---------- Rows after insert: 48092
00:15:08 ---------- Attempting to insert 4 rows into table t_box...
00:15:08 ---------- Rows before insert: 117443
00:15:08 ---------- Rows after insert: 117447
00:15:08 ---------- Attempting to insert 4 rows into table t_shtg...
00:15:08 ---------- Rows before insert: 117228
00:15:08 ---------- Rows after insert: 117232
00:15:08 ---------- Attempting to insert 38 rows into table p_game...
00:15:09 ---------- Rows before insert: 28294
00:15:09 ---------- Rows after insert: 28332
00:15:09 ---------- Attempting to insert 38 rows into table p_box...
00:15:09 ---------- Rows before insert: 854411
00:15:09 ---------- Rows after insert: 854449
00:15:09 ---------- Attempting to insert 38 rows into table p_shtg...
00:15:10 ---------- Rows before insert: 855403
00:15:10 ---------- Rows after insert: 855441

00:15:10 ---------- Script complete!
