00:15:02 ---------- Fetching and inserting NBA/WNBA/G-League game logs: 07/15/2025

00:15:02 ---------- Fetching current players first...
00:15:02 ---------- Fetching current players, inserting into player_temp to trigger stored procedure sp_update_players...
00:15:07 ----------  0 NBA team rows fetched for 07/15/2025 - None
00:15:07 ---------- No NBA T data found: 07/15/2025 - None...
00:15:10 ----------  4 WNBA team rows fetched for 07/15/2025 - None
00:15:14 ----------  0 GNBA team rows fetched for 07/15/2025 - None
00:15:14 ---------- No GNBA T data found: 07/15/2025 - None...
00:15:16 ----------  0 NBA player rows fetched for 07/15/2025 - None
00:15:16 ---------- No NBA P data found: 07/15/2025 - None...
00:15:20 ----------  40 WNBA player rows fetched for 07/15/2025 - None
00:15:24 ----------  0 GNBA player rows fetched for 07/15/2025 - None
00:15:24 ---------- No GNBA P data found: 07/15/2025 - None...
00:15:24 ---------- Team logs fetched and cleaned, starting DB insert...
00:15:24 ---------- Attempting to insert 4 rows into table team...
00:15:24 ---------- Rows before insert: 178
00:15:24 ---------- Rows after insert: 178
00:15:24 ---------- Attempting to insert 1 rows into table season...
00:15:24 ---------- Rows before insert: 160
00:15:24 ---------- Rows after insert: 160
00:15:24 ---------- Attempting to insert 2 rows into table game...
00:15:24 ---------- Rows before insert: 68017
00:15:24 ---------- Rows after insert: 68019
00:15:24 ---------- Attempting to insert 4 rows into table t_game...
00:15:24 ---------- Rows before insert: 48134
00:15:24 ---------- Rows after insert: 48136
00:15:24 ---------- Attempting to insert 4 rows into table t_box...
00:15:24 ---------- Rows before insert: 117531
00:15:24 ---------- Rows after insert: 117535
00:15:24 ---------- Attempting to insert 4 rows into table t_shtg...
00:15:24 ---------- Rows before insert: 117316
00:15:24 ---------- Rows after insert: 117320
00:15:24 ---------- Attempting to insert 40 rows into table p_game...
00:15:24 ---------- Rows before insert: 29119
00:15:24 ---------- Rows after insert: 29159
00:15:24 ---------- Attempting to insert 40 rows into table p_box...
00:15:25 ---------- Rows before insert: 855236
00:15:25 ---------- Rows after insert: 855276
00:15:25 ---------- Attempting to insert 40 rows into table p_shtg...
00:15:26 ---------- Rows before insert: 856228
00:15:26 ---------- Rows after insert: 856268

00:15:26 ---------- Script complete!
