22:01:02 ---------- Fetching and inserting NBA/WNBA/G-League game logs: 06/24/2025

22:01:02 ---------- Fetching current players first...
22:01:02 ---------- Fetching current players, inserting into player_temp to trigger stored procedure sp_update_players...
22:01:02 ----------  0 NBA team rows fetched for 06/24/2025 - None
22:01:02 ---------- No NBA T data found: 06/24/2025 - None...
22:01:02 ----------  8 WNBA team rows fetched for 06/24/2025 - None
22:01:03 ----------  0 GNBA team rows fetched for 06/24/2025 - None
22:01:03 ---------- No GNBA T data found: 06/24/2025 - None...
22:01:03 ----------  0 NBA player rows fetched for 06/24/2025 - None
22:01:03 ---------- No NBA P data found: 06/24/2025 - None...
22:01:03 ----------  73 WNBA player rows fetched for 06/24/2025 - None
22:01:04 ----------  0 GNBA player rows fetched for 06/24/2025 - None
22:01:04 ---------- No GNBA P data found: 06/24/2025 - None...
22:01:04 ---------- Team logs fetched and cleaned, starting DB insert...
22:01:04 ---------- Attempting to insert 8 rows into table team...
22:01:04 ---------- Rows before insert: 178
22:01:04 ---------- Rows after insert: 178
22:01:04 ---------- Attempting to insert 1 rows into table season...
22:01:04 ---------- Rows before insert: 156
22:01:04 ---------- Rows after insert: 156
22:01:04 ---------- Attempting to insert 4 rows into table game...
22:01:04 ---------- Rows before insert: 67971
22:01:04 ---------- Rows after insert: 67971
22:01:04 ---------- Attempting to insert 8 rows into table t_game...
22:01:04 ---------- Rows before insert: 48088
22:01:04 ---------- Rows after insert: 48088
22:01:04 ---------- Attempting to insert 8 rows into table t_box...
22:01:04 ---------- Rows before insert: 117439
22:01:04 ---------- Rows after insert: 117439
22:01:04 ---------- Attempting to insert 8 rows into table t_shtg...
22:01:04 ---------- Rows before insert: 117224
22:01:04 ---------- Rows after insert: 117224
22:01:04 ---------- Attempting to insert 73 rows into table p_game...
22:01:04 ---------- Rows before insert: 28257
22:01:04 ---------- Rows after insert: 28257
22:01:04 ---------- Attempting to insert 73 rows into table p_box...
22:01:05 ---------- Rows before insert: 854374
22:01:05 ---------- Rows after insert: 854374
22:01:05 ---------- Attempting to insert 73 rows into table p_shtg...
22:01:05 ---------- Rows before insert: 855366
22:01:05 ---------- Rows after insert: 855366

22:01:05 ---------- Script complete!
