00:15:01 ---------- Fetching and inserting NBA/WNBA/G-League game logs: 07/11/2025

00:15:01 ---------- Fetching current players first...
00:15:01 ---------- Fetching current players, inserting into player_temp to trigger stored procedure sp_update_players...
00:15:13 ----------  0 NBA team rows fetched for 07/11/2025 - None
00:15:13 ---------- No NBA T data found: 07/11/2025 - None...
00:15:13 ----------  4 WNBA team rows fetched for 07/11/2025 - None
00:15:14 ----------  0 GNBA team rows fetched for 07/11/2025 - None
00:15:14 ---------- No GNBA T data found: 07/11/2025 - None...
00:15:14 ----------  0 NBA player rows fetched for 07/11/2025 - None
00:15:14 ---------- No NBA P data found: 07/11/2025 - None...
00:15:15 ----------  38 WNBA player rows fetched for 07/11/2025 - None
00:15:16 ----------  0 GNBA player rows fetched for 07/11/2025 - None
00:15:16 ---------- No GNBA P data found: 07/11/2025 - None...
00:15:16 ---------- Team logs fetched and cleaned, starting DB insert...
00:15:16 ---------- Attempting to insert 4 rows into table team...
00:15:16 ---------- Rows before insert: 178
00:15:16 ---------- Rows after insert: 178
00:15:16 ---------- Attempting to insert 1 rows into table season...
00:15:16 ---------- Rows before insert: 160
00:15:16 ---------- Rows after insert: 160
00:15:16 ---------- Attempting to insert 2 rows into table game...
00:15:16 ---------- Rows before insert: 68007
00:15:16 ---------- Rows after insert: 68009
00:15:16 ---------- Attempting to insert 4 rows into table t_game...
00:15:16 ---------- Rows before insert: 48124
00:15:16 ---------- Rows after insert: 48126
00:15:16 ---------- Attempting to insert 4 rows into table t_box...
00:15:16 ---------- Rows before insert: 117511
00:15:16 ---------- Rows after insert: 117515
00:15:16 ---------- Attempting to insert 4 rows into table t_shtg...
00:15:16 ---------- Rows before insert: 117296
00:15:16 ---------- Rows after insert: 117300
00:15:16 ---------- Attempting to insert 38 rows into table p_game...
00:15:16 ---------- Rows before insert: 28934
00:15:16 ---------- Rows after insert: 28972
00:15:16 ---------- Attempting to insert 38 rows into table p_box...
00:15:17 ---------- Rows before insert: 855051
00:15:17 ---------- Rows after insert: 855089
00:15:17 ---------- Attempting to insert 38 rows into table p_shtg...
00:15:18 ---------- Rows before insert: 856043
00:15:18 ---------- Rows after insert: 856081

00:15:18 ---------- Script complete!
