00:15:02 ---------- Fetching and inserting NBA/WNBA/G-League game logs: 07/10/2025

00:15:02 ---------- Fetching current players first...
00:15:02 ---------- Fetching current players, inserting into player_temp to trigger stored procedure sp_update_players...
00:15:05 ----------  0 NBA team rows fetched for 07/10/2025 - None
00:15:05 ---------- No NBA T data found: 07/10/2025 - None...
00:15:05 ----------  4 WNBA team rows fetched for 07/10/2025 - None
00:15:06 ----------  0 GNBA team rows fetched for 07/10/2025 - None
00:15:06 ---------- No GNBA T data found: 07/10/2025 - None...
00:15:06 ----------  0 NBA player rows fetched for 07/10/2025 - None
00:15:06 ---------- No NBA P data found: 07/10/2025 - None...
00:15:07 ----------  41 WNBA player rows fetched for 07/10/2025 - None
00:15:08 ----------  0 GNBA player rows fetched for 07/10/2025 - None
00:15:08 ---------- No GNBA P data found: 07/10/2025 - None...
00:15:08 ---------- Team logs fetched and cleaned, starting DB insert...
00:15:08 ---------- Attempting to insert 4 rows into table team...
00:15:08 ---------- Rows before insert: 178
00:15:08 ---------- Rows after insert: 178
00:15:08 ---------- Attempting to insert 1 rows into table season...
00:15:08 ---------- Rows before insert: 160
00:15:08 ---------- Rows after insert: 160
00:15:08 ---------- Attempting to insert 2 rows into table game...
00:15:09 ---------- Rows before insert: 68005
00:15:09 ---------- Rows after insert: 68007
00:15:09 ---------- Attempting to insert 4 rows into table t_game...
00:15:09 ---------- Rows before insert: 48122
00:15:09 ---------- Rows after insert: 48124
00:15:09 ---------- Attempting to insert 4 rows into table t_box...
00:15:09 ---------- Rows before insert: 117507
00:15:09 ---------- Rows after insert: 117511
00:15:09 ---------- Attempting to insert 4 rows into table t_shtg...
00:15:09 ---------- Rows before insert: 117292
00:15:09 ---------- Rows after insert: 117296
00:15:09 ---------- Attempting to insert 41 rows into table p_game...
00:15:09 ---------- Rows before insert: 28893
00:15:09 ---------- Rows after insert: 28934
00:15:09 ---------- Attempting to insert 41 rows into table p_box...
00:15:10 ---------- Rows before insert: 855010
00:15:10 ---------- Rows after insert: 855051
00:15:10 ---------- Attempting to insert 41 rows into table p_shtg...
00:15:10 ---------- Rows before insert: 856002
00:15:10 ---------- Rows after insert: 856043

00:15:10 ---------- Script complete!
